2024-04-24T22:38:19.857+07:00  INFO 8800 --- [HUMAN_RESOURCE_MANAGEMENT_SYSTEM] [main] com.chanty.hrms.HrmsApplication          : Starting HrmsApplication using Java 17.0.2 with PID 8800 (D:\Project\backend\hrms\target\classes started by Dell in D:\Project\backend\hrms)
2024-04-24T22:38:19.864+07:00  INFO 8800 --- [HUMAN_RESOURCE_MANAGEMENT_SYSTEM] [main] com.chanty.hrms.HrmsApplication          : The following 1 profile is active: "dev"
2024-04-24T22:38:21.590+07:00  INFO 8800 --- [HUMAN_RESOURCE_MANAGEMENT_SYSTEM] [main] .s.d.r.c.RepositoryConfigurationDelegate : Bootstrapping Spring Data JPA repositories in DEFAULT mode.
2024-04-24T22:38:21.728+07:00  INFO 8800 --- [HUMAN_RESOURCE_MANAGEMENT_SYSTEM] [main] .s.d.r.c.RepositoryConfigurationDelegate : Finished Spring Data repository scanning in 127 ms. Found 2 JPA repository interfaces.
2024-04-24T22:38:22.529+07:00  INFO 8800 --- [HUMAN_RESOURCE_MANAGEMENT_SYSTEM] [main] o.s.b.w.embedded.tomcat.TomcatWebServer  : Tomcat initialized with port 8080 (http)
2024-04-24T22:38:22.542+07:00  INFO 8800 --- [HUMAN_RESOURCE_MANAGEMENT_SYSTEM] [main] o.apache.catalina.core.StandardService   : Starting service [Tomcat]
2024-04-24T22:38:22.543+07:00  INFO 8800 --- [HUMAN_RESOURCE_MANAGEMENT_SYSTEM] [main] o.apache.catalina.core.StandardEngine    : Starting Servlet engine: [Apache Tomcat/10.1.19]
2024-04-24T22:38:22.627+07:00  INFO 8800 --- [HUMAN_RESOURCE_MANAGEMENT_SYSTEM] [main] o.a.c.c.C.[Tomcat].[localhost].[/]       : Initializing Spring embedded WebApplicationContext
2024-04-24T22:38:22.628+07:00  INFO 8800 --- [HUMAN_RESOURCE_MANAGEMENT_SYSTEM] [main] w.s.c.ServletWebServerApplicationContext : Root WebApplicationContext: initialization completed in 2685 ms
2024-04-24T22:38:22.923+07:00  INFO 8800 --- [HUMAN_RESOURCE_MANAGEMENT_SYSTEM] [main] o.hibernate.jpa.internal.util.LogHelper  : HHH000204: Processing PersistenceUnitInfo [name: default]
2024-04-24T22:38:23.019+07:00  INFO 8800 --- [HUMAN_RESOURCE_MANAGEMENT_SYSTEM] [main] org.hibernate.Version                    : HHH000412: Hibernate ORM core version 6.4.4.Final
2024-04-24T22:38:23.069+07:00  INFO 8800 --- [HUMAN_RESOURCE_MANAGEMENT_SYSTEM] [main] o.h.c.internal.RegionFactoryInitiator    : HHH000026: Second-level cache disabled
2024-04-24T22:38:23.462+07:00  INFO 8800 --- [HUMAN_RESOURCE_MANAGEMENT_SYSTEM] [main] o.s.o.j.p.SpringPersistenceUnitInfo      : No LoadTimeWeaver setup: ignoring JPA class transformer
2024-04-24T22:38:23.505+07:00  INFO 8800 --- [HUMAN_RESOURCE_MANAGEMENT_SYSTEM] [main] com.zaxxer.hikari.HikariDataSource       : HikariPool-1 - Starting...
2024-04-24T22:38:23.785+07:00  INFO 8800 --- [HUMAN_RESOURCE_MANAGEMENT_SYSTEM] [main] com.zaxxer.hikari.pool.HikariPool        : HikariPool-1 - Added connection org.postgresql.jdbc.PgConnection@782e6b40
2024-04-24T22:38:23.787+07:00  INFO 8800 --- [HUMAN_RESOURCE_MANAGEMENT_SYSTEM] [main] com.zaxxer.hikari.HikariDataSource       : HikariPool-1 - Start completed.
2024-04-24T22:38:26.284+07:00  INFO 8800 --- [HUMAN_RESOURCE_MANAGEMENT_SYSTEM] [main] o.h.e.t.j.p.i.JtaPlatformInitiator       : HHH000489: No JTA platform available (set 'hibernate.transaction.jta.platform' to enable JTA platform integration)
2024-04-24T22:38:26.452+07:00  INFO 8800 --- [HUMAN_RESOURCE_MANAGEMENT_SYSTEM] [main] j.LocalContainerEntityManagerFactoryBean : Initialized JPA EntityManagerFactory for persistence unit 'default'
2024-04-24T22:38:27.411+07:00  WARN 8800 --- [HUMAN_RESOURCE_MANAGEMENT_SYSTEM] [main] JpaBaseConfiguration$JpaWebConfiguration : spring.jpa.open-in-view is enabled by default. Therefore, database queries may be performed during view rendering. Explicitly configure spring.jpa.open-in-view to disable this warning
2024-04-24T22:38:27.927+07:00  INFO 8800 --- [HUMAN_RESOURCE_MANAGEMENT_SYSTEM] [main] o.s.s.web.DefaultSecurityFilterChain     : Will secure any request with [org.springframework.security.web.session.DisableEncodeUrlFilter@2d9cc10, org.springframework.security.web.context.request.async.WebAsyncManagerIntegrationFilter@3bc82aa3, org.springframework.security.web.context.SecurityContextHolderFilter@51dd74a0, org.springframework.security.web.header.HeaderWriterFilter@202ed88d, org.springframework.security.web.authentication.logout.LogoutFilter@637bf67c, com.chanty.hrms.config.security.AuthTokenFilter@1695f7cb, org.springframework.security.web.savedrequest.RequestCacheAwareFilter@372b2573, org.springframework.security.web.servletapi.SecurityContextHolderAwareRequestFilter@66fd9613, org.springframework.security.web.authentication.AnonymousAuthenticationFilter@38769b6c, org.springframework.security.web.session.SessionManagementFilter@504f2bcd, org.springframework.security.web.access.ExceptionTranslationFilter@746f1505, org.springframework.security.web.access.intercept.AuthorizationFilter@76d9fe26]
2024-04-24T22:38:28.408+07:00  INFO 8800 --- [HUMAN_RESOURCE_MANAGEMENT_SYSTEM] [main] o.s.b.w.embedded.tomcat.TomcatWebServer  : Tomcat started on port 8080 (http) with context path ''
2024-04-24T22:38:28.423+07:00  INFO 8800 --- [HUMAN_RESOURCE_MANAGEMENT_SYSTEM] [main] com.chanty.hrms.HrmsApplication          : Started HrmsApplication in 9.57 seconds (process running for 10.89)
