2024-04-22T19:17:25.525+07:00  WARN 13684 --- [HUMAN_RESOURCE_MANAGEMENT_SYSTEM] [HikariPool-1 housekeeper] com.zaxxer.hikari.pool.HikariPool        : HikariPool-1 - Thread starvation or clock leap detected (housekeeper delta=1d19h17m32s877ms63µs600ns).
2024-04-22T21:07:55.557+07:00  INFO 3896 --- [HUMAN_RESOURCE_MANAGEMENT_SYSTEM] [main] com.chanty.hrms.HrmsApplication          : Starting HrmsApplication using Java 17.0.2 with PID 3896 (D:\Project\backend\hrms\target\classes started by Dell in D:\Project\backend\hrms)
2024-04-22T21:07:55.570+07:00  INFO 3896 --- [HUMAN_RESOURCE_MANAGEMENT_SYSTEM] [main] com.chanty.hrms.HrmsApplication          : The following 1 profile is active: "dev"
2024-04-22T21:08:02.138+07:00  INFO 3896 --- [HUMAN_RESOURCE_MANAGEMENT_SYSTEM] [main] .s.d.r.c.RepositoryConfigurationDelegate : Bootstrapping Spring Data JPA repositories in DEFAULT mode.
2024-04-22T21:08:02.681+07:00  INFO 3896 --- [HUMAN_RESOURCE_MANAGEMENT_SYSTEM] [main] .s.d.r.c.RepositoryConfigurationDelegate : Finished Spring Data repository scanning in 500 ms. Found 2 JPA repository interfaces.
2024-04-22T21:08:07.607+07:00  INFO 3896 --- [HUMAN_RESOURCE_MANAGEMENT_SYSTEM] [main] o.s.b.w.embedded.tomcat.TomcatWebServer  : Tomcat initialized with port 8080 (http)
2024-04-22T21:08:07.688+07:00  INFO 3896 --- [HUMAN_RESOURCE_MANAGEMENT_SYSTEM] [main] o.apache.catalina.core.StandardService   : Starting service [Tomcat]
2024-04-22T21:08:07.689+07:00  INFO 3896 --- [HUMAN_RESOURCE_MANAGEMENT_SYSTEM] [main] o.apache.catalina.core.StandardEngine    : Starting Servlet engine: [Apache Tomcat/10.1.19]
2024-04-22T21:08:08.121+07:00  INFO 3896 --- [HUMAN_RESOURCE_MANAGEMENT_SYSTEM] [main] o.a.c.c.C.[Tomcat].[localhost].[/]       : Initializing Spring embedded WebApplicationContext
2024-04-22T21:08:08.123+07:00  INFO 3896 --- [HUMAN_RESOURCE_MANAGEMENT_SYSTEM] [main] w.s.c.ServletWebServerApplicationContext : Root WebApplicationContext: initialization completed in 12120 ms
2024-04-22T21:08:12.445+07:00  INFO 3896 --- [HUMAN_RESOURCE_MANAGEMENT_SYSTEM] [main] o.hibernate.jpa.internal.util.LogHelper  : HHH000204: Processing PersistenceUnitInfo [name: default]
2024-04-22T21:08:16.312+07:00  INFO 3896 --- [HUMAN_RESOURCE_MANAGEMENT_SYSTEM] [main] org.hibernate.Version                    : HHH000412: Hibernate ORM core version 6.4.4.Final
2024-04-22T21:08:16.666+07:00  INFO 3896 --- [HUMAN_RESOURCE_MANAGEMENT_SYSTEM] [main] o.h.c.internal.RegionFactoryInitiator    : HHH000026: Second-level cache disabled
2024-04-22T21:08:18.154+07:00  INFO 3896 --- [HUMAN_RESOURCE_MANAGEMENT_SYSTEM] [main] o.s.o.j.p.SpringPersistenceUnitInfo      : No LoadTimeWeaver setup: ignoring JPA class transformer
2024-04-22T21:08:18.324+07:00  INFO 3896 --- [HUMAN_RESOURCE_MANAGEMENT_SYSTEM] [main] com.zaxxer.hikari.HikariDataSource       : HikariPool-1 - Starting...
2024-04-22T21:08:20.755+07:00  INFO 3896 --- [HUMAN_RESOURCE_MANAGEMENT_SYSTEM] [main] com.zaxxer.hikari.pool.HikariPool        : HikariPool-1 - Added connection org.postgresql.jdbc.PgConnection@20be890d
2024-04-22T21:08:20.765+07:00  INFO 3896 --- [HUMAN_RESOURCE_MANAGEMENT_SYSTEM] [main] com.zaxxer.hikari.HikariDataSource       : HikariPool-1 - Start completed.
2024-04-22T21:08:47.615+07:00  INFO 3896 --- [HUMAN_RESOURCE_MANAGEMENT_SYSTEM] [main] o.h.e.t.j.p.i.JtaPlatformInitiator       : HHH000489: No JTA platform available (set 'hibernate.transaction.jta.platform' to enable JTA platform integration)
2024-04-22T21:08:48.911+07:00  INFO 3896 --- [HUMAN_RESOURCE_MANAGEMENT_SYSTEM] [main] j.LocalContainerEntityManagerFactoryBean : Initialized JPA EntityManagerFactory for persistence unit 'default'
2024-04-22T21:08:56.095+07:00  WARN 3896 --- [HUMAN_RESOURCE_MANAGEMENT_SYSTEM] [main] JpaBaseConfiguration$JpaWebConfiguration : spring.jpa.open-in-view is enabled by default. Therefore, database queries may be performed during view rendering. Explicitly configure spring.jpa.open-in-view to disable this warning
2024-04-22T21:08:59.020+07:00  INFO 3896 --- [HUMAN_RESOURCE_MANAGEMENT_SYSTEM] [main] o.s.s.web.DefaultSecurityFilterChain     : Will secure any request with [org.springframework.security.web.session.DisableEncodeUrlFilter@2ae92511, org.springframework.security.web.context.request.async.WebAsyncManagerIntegrationFilter@582ce329, org.springframework.security.web.context.SecurityContextHolderFilter@6942ff10, org.springframework.security.web.header.HeaderWriterFilter@296b758, org.springframework.security.web.authentication.logout.LogoutFilter@30dbcffd, com.chanty.hrms.config.security.AuthTokenFilter@5e1d3188, org.springframework.security.web.savedrequest.RequestCacheAwareFilter@1c33d539, org.springframework.security.web.servletapi.SecurityContextHolderAwareRequestFilter@527b989a, org.springframework.security.web.authentication.AnonymousAuthenticationFilter@6df8131c, org.springframework.security.web.session.SessionManagementFilter@5c3f9618, org.springframework.security.web.access.ExceptionTranslationFilter@67de5328, org.springframework.security.web.access.intercept.AuthorizationFilter@4d57fc11]
2024-04-22T21:09:02.381+07:00  INFO 3896 --- [HUMAN_RESOURCE_MANAGEMENT_SYSTEM] [main] o.s.b.w.embedded.tomcat.TomcatWebServer  : Tomcat started on port 8080 (http) with context path ''
2024-04-22T21:09:02.480+07:00  INFO 3896 --- [HUMAN_RESOURCE_MANAGEMENT_SYSTEM] [main] com.chanty.hrms.HrmsApplication          : Started HrmsApplication in 70.381 seconds (process running for 77.814)
2024-04-22T21:09:22.785+07:00  INFO 3896 --- [HUMAN_RESOURCE_MANAGEMENT_SYSTEM] [http-nio-8080-exec-1] o.a.c.c.C.[Tomcat].[localhost].[/]       : Initializing Spring DispatcherServlet 'dispatcherServlet'
2024-04-22T21:09:22.787+07:00  INFO 3896 --- [HUMAN_RESOURCE_MANAGEMENT_SYSTEM] [http-nio-8080-exec-1] o.s.web.servlet.DispatcherServlet        : Initializing Servlet 'dispatcherServlet'
2024-04-22T21:09:22.797+07:00  INFO 3896 --- [HUMAN_RESOURCE_MANAGEMENT_SYSTEM] [http-nio-8080-exec-1] o.s.web.servlet.DispatcherServlet        : Completed initialization in 8 ms
