2024-05-03T00:00:19.552+07:00 ERROR 1936 --- [HUMAN_RESOURCE_MANAGEMENT_SYSTEM] [http-nio-8080-exec-1] com.chanty.hrms.utils.JwtUtils           : JWT token is expired: JWT expired at 2024-05-02T16:57:57Z. Current time: 2024-05-02T17:00:19Z, a difference of 142552 milliseconds.  Allowed clock skew: 0 milliseconds.
2024-05-03T00:00:55.579+07:00 ERROR 1936 --- [HUMAN_RESOURCE_MANAGEMENT_SYSTEM] [http-nio-8080-exec-2] com.chanty.hrms.utils.JwtUtils           : JWT token is expired: JWT expired at 2024-05-02T16:57:57Z. Current time: 2024-05-02T17:00:55Z, a difference of 178578 milliseconds.  Allowed clock skew: 0 milliseconds.
2024-05-03T00:01:31.578+07:00 ERROR 1936 --- [HUMAN_RESOURCE_MANAGEMENT_SYSTEM] [http-nio-8080-exec-3] com.chanty.hrms.utils.JwtUtils           : JWT token is expired: JWT expired at 2024-05-02T16:57:57Z. Current time: 2024-05-02T17:01:31Z, a difference of 214577 milliseconds.  Allowed clock skew: 0 milliseconds.
2024-05-03T00:02:01.127+07:00 ERROR 1936 --- [HUMAN_RESOURCE_MANAGEMENT_SYSTEM] [http-nio-8080-exec-6] com.chanty.hrms.utils.JwtUtils           : Invalid JWT token: JWT strings must contain exactly 2 period characters. Found: 0
2024-05-03T00:02:01.128+07:00 ERROR 1936 --- [HUMAN_RESOURCE_MANAGEMENT_SYSTEM] [http-nio-8080-exec-6] c.c.hrms.config.security.AuthEntryPoint  : Unauthorized error: Full authentication is required to access this resource
2024-05-03T00:02:01.180+07:00 ERROR 1936 --- [HUMAN_RESOURCE_MANAGEMENT_SYSTEM] [http-nio-8080-exec-7] com.chanty.hrms.utils.JwtUtils           : Invalid JWT token: JWT strings must contain exactly 2 period characters. Found: 0
2024-05-03T00:02:01.180+07:00 ERROR 1936 --- [HUMAN_RESOURCE_MANAGEMENT_SYSTEM] [http-nio-8080-exec-7] c.c.hrms.config.security.AuthEntryPoint  : Unauthorized error: Full authentication is required to access this resource
2024-05-03T00:02:03.453+07:00 ERROR 1936 --- [HUMAN_RESOURCE_MANAGEMENT_SYSTEM] [http-nio-8080-exec-8] com.chanty.hrms.utils.JwtUtils           : Invalid JWT token: JWT strings must contain exactly 2 period characters. Found: 0
2024-05-03T00:02:03.575+07:00 ERROR 1936 --- [HUMAN_RESOURCE_MANAGEMENT_SYSTEM] [http-nio-8080-exec-9] com.chanty.hrms.utils.JwtUtils           : Invalid JWT token: JWT strings must contain exactly 2 period characters. Found: 0
2024-05-03T00:02:03.576+07:00 ERROR 1936 --- [HUMAN_RESOURCE_MANAGEMENT_SYSTEM] [http-nio-8080-exec-9] c.c.hrms.config.security.AuthEntryPoint  : Unauthorized error: Full authentication is required to access this resource
2024-05-03T00:02:49.337+07:00 ERROR 1936 --- [HUMAN_RESOURCE_MANAGEMENT_SYSTEM] [http-nio-8080-exec-3] com.chanty.hrms.utils.JwtUtils           : Invalid JWT token: JWT strings must contain exactly 2 period characters. Found: 0
2024-05-03T00:02:49.338+07:00 ERROR 1936 --- [HUMAN_RESOURCE_MANAGEMENT_SYSTEM] [http-nio-8080-exec-3] c.c.hrms.config.security.AuthEntryPoint  : Unauthorized error: Full authentication is required to access this resource
2024-05-03T00:02:49.911+07:00 ERROR 1936 --- [HUMAN_RESOURCE_MANAGEMENT_SYSTEM] [http-nio-8080-exec-4] com.chanty.hrms.utils.JwtUtils           : Invalid JWT token: JWT strings must contain exactly 2 period characters. Found: 0
2024-05-03T00:02:49.912+07:00 ERROR 1936 --- [HUMAN_RESOURCE_MANAGEMENT_SYSTEM] [http-nio-8080-exec-4] c.c.hrms.config.security.AuthEntryPoint  : Unauthorized error: Full authentication is required to access this resource
2024-05-03T00:02:54.575+07:00 ERROR 1936 --- [HUMAN_RESOURCE_MANAGEMENT_SYSTEM] [http-nio-8080-exec-5] com.chanty.hrms.utils.JwtUtils           : Invalid JWT token: JWT strings must contain exactly 2 period characters. Found: 0
2024-05-03T00:02:55.155+07:00 ERROR 1936 --- [HUMAN_RESOURCE_MANAGEMENT_SYSTEM] [http-nio-8080-exec-6] com.chanty.hrms.utils.JwtUtils           : Invalid JWT token: JWT strings must contain exactly 2 period characters. Found: 0
2024-05-03T00:02:55.155+07:00 ERROR 1936 --- [HUMAN_RESOURCE_MANAGEMENT_SYSTEM] [http-nio-8080-exec-6] c.c.hrms.config.security.AuthEntryPoint  : Unauthorized error: Full authentication is required to access this resource
2024-05-03T00:04:11.323+07:00 ERROR 1936 --- [HUMAN_RESOURCE_MANAGEMENT_SYSTEM] [http-nio-8080-exec-10] com.chanty.hrms.utils.JwtUtils           : JWT token is expired: JWT expired at 2024-05-02T17:03:54Z. Current time: 2024-05-02T17:04:11Z, a difference of 17323 milliseconds.  Allowed clock skew: 0 milliseconds.
2024-05-03T00:04:47.323+07:00 ERROR 1936 --- [HUMAN_RESOURCE_MANAGEMENT_SYSTEM] [http-nio-8080-exec-1] com.chanty.hrms.utils.JwtUtils           : JWT token is expired: JWT expired at 2024-05-02T17:03:54Z. Current time: 2024-05-02T17:04:47Z, a difference of 53323 milliseconds.  Allowed clock skew: 0 milliseconds.
2024-05-03T00:05:23.328+07:00 ERROR 1936 --- [HUMAN_RESOURCE_MANAGEMENT_SYSTEM] [http-nio-8080-exec-2] com.chanty.hrms.utils.JwtUtils           : JWT token is expired: JWT expired at 2024-05-02T17:03:54Z. Current time: 2024-05-02T17:05:23Z, a difference of 89328 milliseconds.  Allowed clock skew: 0 milliseconds.
2024-05-03T00:05:59.327+07:00 ERROR 1936 --- [HUMAN_RESOURCE_MANAGEMENT_SYSTEM] [http-nio-8080-exec-3] com.chanty.hrms.utils.JwtUtils           : JWT token is expired: JWT expired at 2024-05-02T17:03:54Z. Current time: 2024-05-02T17:05:59Z, a difference of 125327 milliseconds.  Allowed clock skew: 0 milliseconds.
2024-05-03T00:06:35.323+07:00 ERROR 1936 --- [HUMAN_RESOURCE_MANAGEMENT_SYSTEM] [http-nio-8080-exec-4] com.chanty.hrms.utils.JwtUtils           : JWT token is expired: JWT expired at 2024-05-02T17:03:54Z. Current time: 2024-05-02T17:06:35Z, a difference of 161323 milliseconds.  Allowed clock skew: 0 milliseconds.
2024-05-03T00:07:11.327+07:00 ERROR 1936 --- [HUMAN_RESOURCE_MANAGEMENT_SYSTEM] [http-nio-8080-exec-5] com.chanty.hrms.utils.JwtUtils           : JWT token is expired: JWT expired at 2024-05-02T17:03:54Z. Current time: 2024-05-02T17:07:11Z, a difference of 197327 milliseconds.  Allowed clock skew: 0 milliseconds.
2024-05-03T00:07:47.323+07:00 ERROR 1936 --- [HUMAN_RESOURCE_MANAGEMENT_SYSTEM] [http-nio-8080-exec-6] com.chanty.hrms.utils.JwtUtils           : JWT token is expired: JWT expired at 2024-05-02T17:03:54Z. Current time: 2024-05-02T17:07:47Z, a difference of 233323 milliseconds.  Allowed clock skew: 0 milliseconds.
2024-05-03T00:08:23.323+07:00 ERROR 1936 --- [HUMAN_RESOURCE_MANAGEMENT_SYSTEM] [http-nio-8080-exec-7] com.chanty.hrms.utils.JwtUtils           : JWT token is expired: JWT expired at 2024-05-02T17:03:54Z. Current time: 2024-05-02T17:08:23Z, a difference of 269323 milliseconds.  Allowed clock skew: 0 milliseconds.
2024-05-03T00:08:23.327+07:00 ERROR 1936 --- [HUMAN_RESOURCE_MANAGEMENT_SYSTEM] [http-nio-8080-exec-7] com.chanty.hrms.utils.JwtUtils           : JWT token is expired: JWT expired at 2024-05-02T17:07:54Z. Current time: 2024-05-02T17:08:23Z, a difference of 29326 milliseconds.  Allowed clock skew: 0 milliseconds.
2024-05-03T00:09:01.152+07:00 ERROR 1936 --- [HUMAN_RESOURCE_MANAGEMENT_SYSTEM] [http-nio-8080-exec-8] com.chanty.hrms.utils.JwtUtils           : Invalid JWT token: JWT strings must contain exactly 2 period characters. Found: 0
2024-05-03T00:09:01.153+07:00 ERROR 1936 --- [HUMAN_RESOURCE_MANAGEMENT_SYSTEM] [http-nio-8080-exec-8] c.c.hrms.config.security.AuthEntryPoint  : Unauthorized error: Full authentication is required to access this resource
2024-05-03T00:09:01.720+07:00 ERROR 1936 --- [HUMAN_RESOURCE_MANAGEMENT_SYSTEM] [http-nio-8080-exec-9] com.chanty.hrms.utils.JwtUtils           : Invalid JWT token: JWT strings must contain exactly 2 period characters. Found: 0
2024-05-03T00:09:01.721+07:00 ERROR 1936 --- [HUMAN_RESOURCE_MANAGEMENT_SYSTEM] [http-nio-8080-exec-9] c.c.hrms.config.security.AuthEntryPoint  : Unauthorized error: Full authentication is required to access this resource
2024-05-03T00:09:03.927+07:00 ERROR 1936 --- [HUMAN_RESOURCE_MANAGEMENT_SYSTEM] [http-nio-8080-exec-10] com.chanty.hrms.utils.JwtUtils           : Invalid JWT token: JWT strings must contain exactly 2 period characters. Found: 0
2024-05-03T00:09:04.506+07:00 ERROR 1936 --- [HUMAN_RESOURCE_MANAGEMENT_SYSTEM] [http-nio-8080-exec-1] com.chanty.hrms.utils.JwtUtils           : Invalid JWT token: JWT strings must contain exactly 2 period characters. Found: 0
2024-05-03T00:09:04.506+07:00 ERROR 1936 --- [HUMAN_RESOURCE_MANAGEMENT_SYSTEM] [http-nio-8080-exec-1] c.c.hrms.config.security.AuthEntryPoint  : Unauthorized error: Full authentication is required to access this resource
2024-05-03T00:09:30.716+07:00  INFO 1936 --- [HUMAN_RESOURCE_MANAGEMENT_SYSTEM] [SpringApplicationShutdownHook] j.LocalContainerEntityManagerFactoryBean : Closing JPA EntityManagerFactory for persistence unit 'default'
2024-05-03T00:09:30.750+07:00  INFO 1936 --- [HUMAN_RESOURCE_MANAGEMENT_SYSTEM] [SpringApplicationShutdownHook] com.zaxxer.hikari.HikariDataSource       : HikariPool-1 - Shutdown initiated...
2024-05-03T00:09:30.759+07:00  INFO 1936 --- [HUMAN_RESOURCE_MANAGEMENT_SYSTEM] [SpringApplicationShutdownHook] com.zaxxer.hikari.HikariDataSource       : HikariPool-1 - Shutdown completed.
2024-05-03T00:09:38.219+07:00  INFO 2523 --- [HUMAN_RESOURCE_MANAGEMENT_SYSTEM] [main] com.chanty.hrms.HrmsApplication          : Starting HrmsApplication using Java 17.0.8 with PID 2523 (/Users/chanty/Project/backend/hrms-backend/target/classes started by chanty in /Users/chanty/Project/backend/hrms-backend)
2024-05-03T00:09:38.221+07:00  INFO 2523 --- [HUMAN_RESOURCE_MANAGEMENT_SYSTEM] [main] com.chanty.hrms.HrmsApplication          : The following 1 profile is active: "dev"
2024-05-03T00:09:39.079+07:00  INFO 2523 --- [HUMAN_RESOURCE_MANAGEMENT_SYSTEM] [main] .s.d.r.c.RepositoryConfigurationDelegate : Bootstrapping Spring Data JPA repositories in DEFAULT mode.
2024-05-03T00:09:39.158+07:00  INFO 2523 --- [HUMAN_RESOURCE_MANAGEMENT_SYSTEM] [main] .s.d.r.c.RepositoryConfigurationDelegate : Finished Spring Data repository scanning in 66 ms. Found 2 JPA repository interfaces.
2024-05-03T00:09:39.734+07:00  INFO 2523 --- [HUMAN_RESOURCE_MANAGEMENT_SYSTEM] [main] o.s.b.w.embedded.tomcat.TomcatWebServer  : Tomcat initialized with port 8080 (http)
2024-05-03T00:09:39.745+07:00  INFO 2523 --- [HUMAN_RESOURCE_MANAGEMENT_SYSTEM] [main] o.apache.catalina.core.StandardService   : Starting service [Tomcat]
2024-05-03T00:09:39.746+07:00  INFO 2523 --- [HUMAN_RESOURCE_MANAGEMENT_SYSTEM] [main] o.apache.catalina.core.StandardEngine    : Starting Servlet engine: [Apache Tomcat/10.1.19]
2024-05-03T00:09:39.824+07:00  INFO 2523 --- [HUMAN_RESOURCE_MANAGEMENT_SYSTEM] [main] o.a.c.c.C.[Tomcat].[localhost].[/]       : Initializing Spring embedded WebApplicationContext
2024-05-03T00:09:39.824+07:00  INFO 2523 --- [HUMAN_RESOURCE_MANAGEMENT_SYSTEM] [main] w.s.c.ServletWebServerApplicationContext : Root WebApplicationContext: initialization completed in 1563 ms
2024-05-03T00:09:40.002+07:00  INFO 2523 --- [HUMAN_RESOURCE_MANAGEMENT_SYSTEM] [main] o.hibernate.jpa.internal.util.LogHelper  : HHH000204: Processing PersistenceUnitInfo [name: default]
2024-05-03T00:09:40.071+07:00  INFO 2523 --- [HUMAN_RESOURCE_MANAGEMENT_SYSTEM] [main] org.hibernate.Version                    : HHH000412: Hibernate ORM core version 6.4.4.Final
2024-05-03T00:09:40.113+07:00  INFO 2523 --- [HUMAN_RESOURCE_MANAGEMENT_SYSTEM] [main] o.h.c.internal.RegionFactoryInitiator    : HHH000026: Second-level cache disabled
2024-05-03T00:09:40.399+07:00  INFO 2523 --- [HUMAN_RESOURCE_MANAGEMENT_SYSTEM] [main] o.s.o.j.p.SpringPersistenceUnitInfo      : No LoadTimeWeaver setup: ignoring JPA class transformer
2024-05-03T00:09:40.438+07:00  INFO 2523 --- [HUMAN_RESOURCE_MANAGEMENT_SYSTEM] [main] com.zaxxer.hikari.HikariDataSource       : HikariPool-1 - Starting...
2024-05-03T00:09:40.595+07:00  INFO 2523 --- [HUMAN_RESOURCE_MANAGEMENT_SYSTEM] [main] com.zaxxer.hikari.pool.HikariPool        : HikariPool-1 - Added connection org.postgresql.jdbc.PgConnection@67a0ff25
2024-05-03T00:09:40.597+07:00  INFO 2523 --- [HUMAN_RESOURCE_MANAGEMENT_SYSTEM] [main] com.zaxxer.hikari.HikariDataSource       : HikariPool-1 - Start completed.
2024-05-03T00:09:42.095+07:00  INFO 2523 --- [HUMAN_RESOURCE_MANAGEMENT_SYSTEM] [main] o.h.e.t.j.p.i.JtaPlatformInitiator       : HHH000489: No JTA platform available (set 'hibernate.transaction.jta.platform' to enable JTA platform integration)
2024-05-03T00:09:42.174+07:00  INFO 2523 --- [HUMAN_RESOURCE_MANAGEMENT_SYSTEM] [main] j.LocalContainerEntityManagerFactoryBean : Initialized JPA EntityManagerFactory for persistence unit 'default'
2024-05-03T00:09:42.852+07:00  WARN 2523 --- [HUMAN_RESOURCE_MANAGEMENT_SYSTEM] [main] JpaBaseConfiguration$JpaWebConfiguration : spring.jpa.open-in-view is enabled by default. Therefore, database queries may be performed during view rendering. Explicitly configure spring.jpa.open-in-view to disable this warning
2024-05-03T00:09:43.186+07:00  INFO 2523 --- [HUMAN_RESOURCE_MANAGEMENT_SYSTEM] [main] o.s.s.web.DefaultSecurityFilterChain     : Will secure any request with [org.springframework.security.web.session.DisableEncodeUrlFilter@1ef4179, org.springframework.security.web.context.request.async.WebAsyncManagerIntegrationFilter@322f6283, org.springframework.security.web.context.SecurityContextHolderFilter@27df4dcb, org.springframework.security.web.header.HeaderWriterFilter@7c2d4398, org.springframework.security.web.authentication.logout.LogoutFilter@1915879c, com.chanty.hrms.config.security.AuthTokenFilter@4cce889e, org.springframework.security.web.savedrequest.RequestCacheAwareFilter@d88d9d7, org.springframework.security.web.servletapi.SecurityContextHolderAwareRequestFilter@54c15e, org.springframework.security.web.authentication.AnonymousAuthenticationFilter@168f447d, org.springframework.security.web.session.SessionManagementFilter@ab5e63, org.springframework.security.web.access.ExceptionTranslationFilter@7c27ed2f, org.springframework.security.web.access.intercept.AuthorizationFilter@28b36817]
2024-05-03T00:09:43.535+07:00  INFO 2523 --- [HUMAN_RESOURCE_MANAGEMENT_SYSTEM] [main] o.s.b.w.embedded.tomcat.TomcatWebServer  : Tomcat started on port 8080 (http) with context path ''
2024-05-03T00:09:43.545+07:00  INFO 2523 --- [HUMAN_RESOURCE_MANAGEMENT_SYSTEM] [main] com.chanty.hrms.HrmsApplication          : Started HrmsApplication in 5.801 seconds (process running for 11.429)
2024-05-03T00:09:44.760+07:00  INFO 2523 --- [HUMAN_RESOURCE_MANAGEMENT_SYSTEM] [http-nio-8080-exec-1] o.a.c.c.C.[Tomcat].[localhost].[/]       : Initializing Spring DispatcherServlet 'dispatcherServlet'
2024-05-03T00:09:44.760+07:00  INFO 2523 --- [HUMAN_RESOURCE_MANAGEMENT_SYSTEM] [http-nio-8080-exec-1] o.s.web.servlet.DispatcherServlet        : Initializing Servlet 'dispatcherServlet'
2024-05-03T00:09:44.761+07:00  INFO 2523 --- [HUMAN_RESOURCE_MANAGEMENT_SYSTEM] [http-nio-8080-exec-1] o.s.web.servlet.DispatcherServlet        : Completed initialization in 1 ms
2024-05-03T00:09:54.823+07:00 ERROR 2523 --- [HUMAN_RESOURCE_MANAGEMENT_SYSTEM] [http-nio-8080-exec-2] com.chanty.hrms.utils.JwtUtils           : Invalid JWT token: JWT strings must contain exactly 2 period characters. Found: 0
2024-05-03T00:09:54.826+07:00 ERROR 2523 --- [HUMAN_RESOURCE_MANAGEMENT_SYSTEM] [http-nio-8080-exec-2] c.c.hrms.config.security.AuthEntryPoint  : Unauthorized error: Full authentication is required to access this resource
2024-05-03T00:09:55.400+07:00 ERROR 2523 --- [HUMAN_RESOURCE_MANAGEMENT_SYSTEM] [http-nio-8080-exec-3] com.chanty.hrms.utils.JwtUtils           : Invalid JWT token: JWT strings must contain exactly 2 period characters. Found: 0
2024-05-03T00:09:55.402+07:00 ERROR 2523 --- [HUMAN_RESOURCE_MANAGEMENT_SYSTEM] [http-nio-8080-exec-3] c.c.hrms.config.security.AuthEntryPoint  : Unauthorized error: Full authentication is required to access this resource
2024-05-03T00:09:57.455+07:00 ERROR 2523 --- [HUMAN_RESOURCE_MANAGEMENT_SYSTEM] [http-nio-8080-exec-4] com.chanty.hrms.utils.JwtUtils           : Invalid JWT token: JWT strings must contain exactly 2 period characters. Found: 0
2024-05-03T00:09:58.038+07:00 ERROR 2523 --- [HUMAN_RESOURCE_MANAGEMENT_SYSTEM] [http-nio-8080-exec-5] com.chanty.hrms.utils.JwtUtils           : Invalid JWT token: JWT strings must contain exactly 2 period characters. Found: 0
2024-05-03T00:09:58.039+07:00 ERROR 2523 --- [HUMAN_RESOURCE_MANAGEMENT_SYSTEM] [http-nio-8080-exec-5] c.c.hrms.config.security.AuthEntryPoint  : Unauthorized error: Full authentication is required to access this resource
2024-05-03T00:37:36.126+07:00 ERROR 2523 --- [HUMAN_RESOURCE_MANAGEMENT_SYSTEM] [http-nio-8080-exec-5] com.chanty.hrms.utils.JwtUtils           : JWT token is expired: JWT expired at 2024-05-02T17:36:21Z. Current time: 2024-05-02T17:37:36Z, a difference of 75116 milliseconds.  Allowed clock skew: 0 milliseconds.
2024-05-03T00:58:46.884+07:00 ERROR 2523 --- [HUMAN_RESOURCE_MANAGEMENT_SYSTEM] [http-nio-8080-exec-6] com.chanty.hrms.utils.JwtUtils           : Invalid JWT token: JWT strings must contain exactly 2 period characters. Found: 0
2024-05-03T00:58:46.899+07:00 ERROR 2523 --- [HUMAN_RESOURCE_MANAGEMENT_SYSTEM] [http-nio-8080-exec-6] c.c.hrms.config.security.AuthEntryPoint  : Unauthorized error: Full authentication is required to access this resource
2024-05-03T00:58:46.923+07:00 ERROR 2523 --- [HUMAN_RESOURCE_MANAGEMENT_SYSTEM] [http-nio-8080-exec-7] com.chanty.hrms.utils.JwtUtils           : Invalid JWT token: JWT strings must contain exactly 2 period characters. Found: 0
2024-05-03T00:58:46.924+07:00 ERROR 2523 --- [HUMAN_RESOURCE_MANAGEMENT_SYSTEM] [http-nio-8080-exec-7] c.c.hrms.config.security.AuthEntryPoint  : Unauthorized error: Full authentication is required to access this resource
2024-05-03T00:58:50.142+07:00 ERROR 2523 --- [HUMAN_RESOURCE_MANAGEMENT_SYSTEM] [http-nio-8080-exec-8] com.chanty.hrms.utils.JwtUtils           : Invalid JWT token: JWT strings must contain exactly 2 period characters. Found: 0
2024-05-03T00:58:50.258+07:00 ERROR 2523 --- [HUMAN_RESOURCE_MANAGEMENT_SYSTEM] [http-nio-8080-exec-9] com.chanty.hrms.utils.JwtUtils           : Invalid JWT token: JWT strings must contain exactly 2 period characters. Found: 0
2024-05-03T00:58:50.258+07:00 ERROR 2523 --- [HUMAN_RESOURCE_MANAGEMENT_SYSTEM] [http-nio-8080-exec-9] c.c.hrms.config.security.AuthEntryPoint  : Unauthorized error: Full authentication is required to access this resource
2024-05-03T01:07:41.230+07:00  INFO 2523 --- [HUMAN_RESOURCE_MANAGEMENT_SYSTEM] [SpringApplicationShutdownHook] j.LocalContainerEntityManagerFactoryBean : Closing JPA EntityManagerFactory for persistence unit 'default'
2024-05-03T01:07:41.243+07:00  INFO 2523 --- [HUMAN_RESOURCE_MANAGEMENT_SYSTEM] [SpringApplicationShutdownHook] com.zaxxer.hikari.HikariDataSource       : HikariPool-1 - Shutdown initiated...
2024-05-03T01:07:41.248+07:00  INFO 2523 --- [HUMAN_RESOURCE_MANAGEMENT_SYSTEM] [SpringApplicationShutdownHook] com.zaxxer.hikari.HikariDataSource       : HikariPool-1 - Shutdown completed.
2024-05-03T21:38:17.553+07:00  INFO 807 --- [HUMAN_RESOURCE_MANAGEMENT_SYSTEM] [main] com.chanty.hrms.HrmsApplication          : Starting HrmsApplication using Java 17.0.8 with PID 807 (/Users/chanty/Project/backend/hrms-backend/target/classes started by chanty in /Users/chanty/Project/backend/hrms-backend)
2024-05-03T21:38:17.556+07:00  INFO 807 --- [HUMAN_RESOURCE_MANAGEMENT_SYSTEM] [main] com.chanty.hrms.HrmsApplication          : The following 1 profile is active: "dev"
2024-05-03T21:38:18.438+07:00  INFO 807 --- [HUMAN_RESOURCE_MANAGEMENT_SYSTEM] [main] .s.d.r.c.RepositoryConfigurationDelegate : Bootstrapping Spring Data JPA repositories in DEFAULT mode.
2024-05-03T21:38:18.530+07:00  INFO 807 --- [HUMAN_RESOURCE_MANAGEMENT_SYSTEM] [main] .s.d.r.c.RepositoryConfigurationDelegate : Finished Spring Data repository scanning in 75 ms. Found 2 JPA repository interfaces.
2024-05-03T21:38:19.115+07:00  INFO 807 --- [HUMAN_RESOURCE_MANAGEMENT_SYSTEM] [main] o.s.b.w.embedded.tomcat.TomcatWebServer  : Tomcat initialized with port 8080 (http)
2024-05-03T21:38:19.127+07:00  INFO 807 --- [HUMAN_RESOURCE_MANAGEMENT_SYSTEM] [main] o.apache.catalina.core.StandardService   : Starting service [Tomcat]
2024-05-03T21:38:19.127+07:00  INFO 807 --- [HUMAN_RESOURCE_MANAGEMENT_SYSTEM] [main] o.apache.catalina.core.StandardEngine    : Starting Servlet engine: [Apache Tomcat/10.1.19]
2024-05-03T21:38:19.204+07:00  INFO 807 --- [HUMAN_RESOURCE_MANAGEMENT_SYSTEM] [main] o.a.c.c.C.[Tomcat].[localhost].[/]       : Initializing Spring embedded WebApplicationContext
2024-05-03T21:38:19.205+07:00  INFO 807 --- [HUMAN_RESOURCE_MANAGEMENT_SYSTEM] [main] w.s.c.ServletWebServerApplicationContext : Root WebApplicationContext: initialization completed in 1611 ms
2024-05-03T21:38:19.398+07:00  INFO 807 --- [HUMAN_RESOURCE_MANAGEMENT_SYSTEM] [main] o.hibernate.jpa.internal.util.LogHelper  : HHH000204: Processing PersistenceUnitInfo [name: default]
2024-05-03T21:38:19.466+07:00  INFO 807 --- [HUMAN_RESOURCE_MANAGEMENT_SYSTEM] [main] org.hibernate.Version                    : HHH000412: Hibernate ORM core version 6.4.4.Final
2024-05-03T21:38:19.504+07:00  INFO 807 --- [HUMAN_RESOURCE_MANAGEMENT_SYSTEM] [main] o.h.c.internal.RegionFactoryInitiator    : HHH000026: Second-level cache disabled
2024-05-03T21:38:19.830+07:00  INFO 807 --- [HUMAN_RESOURCE_MANAGEMENT_SYSTEM] [main] o.s.o.j.p.SpringPersistenceUnitInfo      : No LoadTimeWeaver setup: ignoring JPA class transformer
2024-05-03T21:38:19.871+07:00  INFO 807 --- [HUMAN_RESOURCE_MANAGEMENT_SYSTEM] [main] com.zaxxer.hikari.HikariDataSource       : HikariPool-1 - Starting...
2024-05-03T21:38:20.124+07:00  INFO 807 --- [HUMAN_RESOURCE_MANAGEMENT_SYSTEM] [main] com.zaxxer.hikari.pool.HikariPool        : HikariPool-1 - Added connection org.postgresql.jdbc.PgConnection@3b3546a3
2024-05-03T21:38:20.126+07:00  INFO 807 --- [HUMAN_RESOURCE_MANAGEMENT_SYSTEM] [main] com.zaxxer.hikari.HikariDataSource       : HikariPool-1 - Start completed.
2024-05-03T21:38:21.634+07:00  INFO 807 --- [HUMAN_RESOURCE_MANAGEMENT_SYSTEM] [main] o.h.e.t.j.p.i.JtaPlatformInitiator       : HHH000489: No JTA platform available (set 'hibernate.transaction.jta.platform' to enable JTA platform integration)
2024-05-03T21:38:21.784+07:00  INFO 807 --- [HUMAN_RESOURCE_MANAGEMENT_SYSTEM] [main] j.LocalContainerEntityManagerFactoryBean : Initialized JPA EntityManagerFactory for persistence unit 'default'
2024-05-03T21:38:22.463+07:00  WARN 807 --- [HUMAN_RESOURCE_MANAGEMENT_SYSTEM] [main] JpaBaseConfiguration$JpaWebConfiguration : spring.jpa.open-in-view is enabled by default. Therefore, database queries may be performed during view rendering. Explicitly configure spring.jpa.open-in-view to disable this warning
2024-05-03T21:38:22.821+07:00  INFO 807 --- [HUMAN_RESOURCE_MANAGEMENT_SYSTEM] [main] o.s.s.web.DefaultSecurityFilterChain     : Will secure any request with [org.springframework.security.web.session.DisableEncodeUrlFilter@371a7fd5, org.springframework.security.web.context.request.async.WebAsyncManagerIntegrationFilter@f41db7f, org.springframework.security.web.context.SecurityContextHolderFilter@25e9f5e6, org.springframework.security.web.header.HeaderWriterFilter@77c66ac2, org.springframework.security.web.authentication.logout.LogoutFilter@41a3656f, com.chanty.hrms.config.security.AuthTokenFilter@542759f, org.springframework.security.web.savedrequest.RequestCacheAwareFilter@6bc45472, org.springframework.security.web.servletapi.SecurityContextHolderAwareRequestFilter@160b7ccd, org.springframework.security.web.authentication.AnonymousAuthenticationFilter@4df8f4e9, org.springframework.security.web.session.SessionManagementFilter@16cc5e51, org.springframework.security.web.access.ExceptionTranslationFilter@452e0a94, org.springframework.security.web.access.intercept.AuthorizationFilter@40ef1198]
2024-05-03T21:38:23.186+07:00  INFO 807 --- [HUMAN_RESOURCE_MANAGEMENT_SYSTEM] [main] o.s.b.w.embedded.tomcat.TomcatWebServer  : Tomcat started on port 8080 (http) with context path ''
2024-05-03T21:38:23.195+07:00  INFO 807 --- [HUMAN_RESOURCE_MANAGEMENT_SYSTEM] [main] com.chanty.hrms.HrmsApplication          : Started HrmsApplication in 6.121 seconds (process running for 11.894)
2024-05-03T21:41:51.447+07:00  INFO 807 --- [HUMAN_RESOURCE_MANAGEMENT_SYSTEM] [http-nio-8080-exec-1] o.a.c.c.C.[Tomcat].[localhost].[/]       : Initializing Spring DispatcherServlet 'dispatcherServlet'
2024-05-03T21:41:51.447+07:00  INFO 807 --- [HUMAN_RESOURCE_MANAGEMENT_SYSTEM] [http-nio-8080-exec-1] o.s.web.servlet.DispatcherServlet        : Initializing Servlet 'dispatcherServlet'
2024-05-03T21:41:51.450+07:00  INFO 807 --- [HUMAN_RESOURCE_MANAGEMENT_SYSTEM] [http-nio-8080-exec-1] o.s.web.servlet.DispatcherServlet        : Completed initialization in 3 ms
2024-05-03T21:41:51.575+07:00 ERROR 807 --- [HUMAN_RESOURCE_MANAGEMENT_SYSTEM] [http-nio-8080-exec-1] com.chanty.hrms.utils.JwtUtils           : JWT token is expired: JWT expired at 2024-05-02T18:13:50Z. Current time: 2024-05-03T14:41:51Z, a difference of 73681574 milliseconds.  Allowed clock skew: 0 milliseconds.
2024-05-03T21:41:51.580+07:00 ERROR 807 --- [HUMAN_RESOURCE_MANAGEMENT_SYSTEM] [http-nio-8080-exec-1] c.c.hrms.config.security.AuthEntryPoint  : Unauthorized error: Full authentication is required to access this resource
2024-05-03T21:41:51.607+07:00 ERROR 807 --- [HUMAN_RESOURCE_MANAGEMENT_SYSTEM] [http-nio-8080-exec-2] com.chanty.hrms.utils.JwtUtils           : JWT token is expired: JWT expired at 2024-05-02T18:13:50Z. Current time: 2024-05-03T14:41:51Z, a difference of 73681607 milliseconds.  Allowed clock skew: 0 milliseconds.
2024-05-03T21:41:51.608+07:00 ERROR 807 --- [HUMAN_RESOURCE_MANAGEMENT_SYSTEM] [http-nio-8080-exec-2] c.c.hrms.config.security.AuthEntryPoint  : Unauthorized error: Full authentication is required to access this resource
2024-05-03T21:42:31.206+07:00 ERROR 807 --- [HUMAN_RESOURCE_MANAGEMENT_SYSTEM] [http-nio-8080-exec-3] com.chanty.hrms.utils.JwtUtils           : JWT token is expired: JWT expired at 2024-05-02T18:13:50Z. Current time: 2024-05-03T14:42:31Z, a difference of 73721206 milliseconds.  Allowed clock skew: 0 milliseconds.
2024-05-03T21:42:31.904+07:00 ERROR 807 --- [HUMAN_RESOURCE_MANAGEMENT_SYSTEM] [http-nio-8080-exec-4] com.chanty.hrms.utils.JwtUtils           : JWT token is expired: JWT expired at 2024-05-02T18:13:50Z. Current time: 2024-05-03T14:42:31Z, a difference of 73721904 milliseconds.  Allowed clock skew: 0 milliseconds.
2024-05-03T21:42:31.905+07:00 ERROR 807 --- [HUMAN_RESOURCE_MANAGEMENT_SYSTEM] [http-nio-8080-exec-4] c.c.hrms.config.security.AuthEntryPoint  : Unauthorized error: Full authentication is required to access this resource
2024-05-03T22:12:32.992+07:00 ERROR 807 --- [HUMAN_RESOURCE_MANAGEMENT_SYSTEM] [http-nio-8080-exec-1] com.chanty.hrms.utils.JwtUtils           : JWT token is expired: JWT expired at 2024-05-03T15:06:33Z. Current time: 2024-05-03T15:12:32Z, a difference of 359992 milliseconds.  Allowed clock skew: 0 milliseconds.
2024-05-03T22:21:33.025+07:00 ERROR 807 --- [HUMAN_RESOURCE_MANAGEMENT_SYSTEM] [http-nio-8080-exec-2] com.chanty.hrms.utils.JwtUtils           : JWT token is expired: JWT expired at 2024-05-03T15:06:33Z. Current time: 2024-05-03T15:21:33Z, a difference of 900024 milliseconds.  Allowed clock skew: 0 milliseconds.
2024-05-03T22:25:46.556+07:00 ERROR 807 --- [HUMAN_RESOURCE_MANAGEMENT_SYSTEM] [http-nio-8080-exec-3] com.chanty.hrms.utils.JwtUtils           : Invalid JWT token: JWT strings must contain exactly 2 period characters. Found: 0
2024-05-03T22:25:46.563+07:00 ERROR 807 --- [HUMAN_RESOURCE_MANAGEMENT_SYSTEM] [http-nio-8080-exec-3] c.c.hrms.config.security.AuthEntryPoint  : Unauthorized error: Full authentication is required to access this resource
2024-05-03T22:25:46.581+07:00 ERROR 807 --- [HUMAN_RESOURCE_MANAGEMENT_SYSTEM] [http-nio-8080-exec-4] com.chanty.hrms.utils.JwtUtils           : Invalid JWT token: JWT strings must contain exactly 2 period characters. Found: 0
2024-05-03T22:25:46.582+07:00 ERROR 807 --- [HUMAN_RESOURCE_MANAGEMENT_SYSTEM] [http-nio-8080-exec-4] c.c.hrms.config.security.AuthEntryPoint  : Unauthorized error: Full authentication is required to access this resource
2024-05-03T22:26:21.778+07:00 ERROR 807 --- [HUMAN_RESOURCE_MANAGEMENT_SYSTEM] [http-nio-8080-exec-5] com.chanty.hrms.utils.JwtUtils           : Invalid JWT token: JWT strings must contain exactly 2 period characters. Found: 0
2024-05-03T22:26:22.352+07:00 ERROR 807 --- [HUMAN_RESOURCE_MANAGEMENT_SYSTEM] [http-nio-8080-exec-6] com.chanty.hrms.utils.JwtUtils           : Invalid JWT token: JWT strings must contain exactly 2 period characters. Found: 0
2024-05-03T22:26:22.353+07:00 ERROR 807 --- [HUMAN_RESOURCE_MANAGEMENT_SYSTEM] [http-nio-8080-exec-6] c.c.hrms.config.security.AuthEntryPoint  : Unauthorized error: Full authentication is required to access this resource
2024-05-03T23:01:21.076+07:00  WARN 807 --- [HUMAN_RESOURCE_MANAGEMENT_SYSTEM] [HikariPool-1 housekeeper] com.zaxxer.hikari.pool.HikariPool        : HikariPool-1 - Thread starvation or clock leap detected (housekeeper delta=19m30s411ms).
2024-05-03T23:10:03.398+07:00 ERROR 807 --- [HUMAN_RESOURCE_MANAGEMENT_SYSTEM] [http-nio-8080-exec-2] com.chanty.hrms.utils.JwtUtils           : JWT token is expired: JWT expired at 2024-05-03T15:50:27Z. Current time: 2024-05-03T16:10:03Z, a difference of 1176397 milliseconds.  Allowed clock skew: 0 milliseconds.
2024-05-03T23:19:03.189+07:00 ERROR 807 --- [HUMAN_RESOURCE_MANAGEMENT_SYSTEM] [http-nio-8080-exec-3] com.chanty.hrms.utils.JwtUtils           : JWT token is expired: JWT expired at 2024-05-03T15:50:27Z. Current time: 2024-05-03T16:19:03Z, a difference of 1716188 milliseconds.  Allowed clock skew: 0 milliseconds.
2024-05-03T23:28:03.185+07:00 ERROR 807 --- [HUMAN_RESOURCE_MANAGEMENT_SYSTEM] [http-nio-8080-exec-4] com.chanty.hrms.utils.JwtUtils           : JWT token is expired: JWT expired at 2024-05-03T15:50:27Z. Current time: 2024-05-03T16:28:03Z, a difference of 2256184 milliseconds.  Allowed clock skew: 0 milliseconds.
2024-05-03T23:37:03.222+07:00 ERROR 807 --- [HUMAN_RESOURCE_MANAGEMENT_SYSTEM] [http-nio-8080-exec-5] com.chanty.hrms.utils.JwtUtils           : JWT token is expired: JWT expired at 2024-05-03T15:50:27Z. Current time: 2024-05-03T16:37:03Z, a difference of 2796211 milliseconds.  Allowed clock skew: 0 milliseconds.
2024-05-03T23:37:03.249+07:00 ERROR 807 --- [HUMAN_RESOURCE_MANAGEMENT_SYSTEM] [http-nio-8080-exec-5] com.chanty.hrms.utils.JwtUtils           : JWT token is expired: JWT expired at 2024-05-03T16:35:27Z. Current time: 2024-05-03T16:37:03Z, a difference of 96248 milliseconds.  Allowed clock skew: 0 milliseconds.
2024-05-03T23:45:23.900+07:00 ERROR 807 --- [HUMAN_RESOURCE_MANAGEMENT_SYSTEM] [http-nio-8080-exec-6] com.chanty.hrms.utils.JwtUtils           : Invalid JWT token: JWT strings must contain exactly 2 period characters. Found: 0
2024-05-03T23:45:23.910+07:00 ERROR 807 --- [HUMAN_RESOURCE_MANAGEMENT_SYSTEM] [http-nio-8080-exec-6] c.c.hrms.config.security.AuthEntryPoint  : Unauthorized error: Full authentication is required to access this resource
2024-05-03T23:45:23.951+07:00 ERROR 807 --- [HUMAN_RESOURCE_MANAGEMENT_SYSTEM] [http-nio-8080-exec-7] com.chanty.hrms.utils.JwtUtils           : Invalid JWT token: JWT strings must contain exactly 2 period characters. Found: 0
2024-05-03T23:45:23.951+07:00 ERROR 807 --- [HUMAN_RESOURCE_MANAGEMENT_SYSTEM] [http-nio-8080-exec-7] c.c.hrms.config.security.AuthEntryPoint  : Unauthorized error: Full authentication is required to access this resource
2024-05-03T23:45:27.380+07:00 ERROR 807 --- [HUMAN_RESOURCE_MANAGEMENT_SYSTEM] [http-nio-8080-exec-8] com.chanty.hrms.utils.JwtUtils           : Invalid JWT token: JWT strings must contain exactly 2 period characters. Found: 0
2024-05-03T23:45:27.549+07:00 ERROR 807 --- [HUMAN_RESOURCE_MANAGEMENT_SYSTEM] [http-nio-8080-exec-9] com.chanty.hrms.utils.JwtUtils           : Invalid JWT token: JWT strings must contain exactly 2 period characters. Found: 0
2024-05-03T23:45:27.550+07:00 ERROR 807 --- [HUMAN_RESOURCE_MANAGEMENT_SYSTEM] [http-nio-8080-exec-9] c.c.hrms.config.security.AuthEntryPoint  : Unauthorized error: Full authentication is required to access this resource
2024-05-03T23:52:29.735+07:00  INFO 807 --- [HUMAN_RESOURCE_MANAGEMENT_SYSTEM] [SpringApplicationShutdownHook] j.LocalContainerEntityManagerFactoryBean : Closing JPA EntityManagerFactory for persistence unit 'default'
2024-05-03T23:52:29.768+07:00  INFO 807 --- [HUMAN_RESOURCE_MANAGEMENT_SYSTEM] [SpringApplicationShutdownHook] com.zaxxer.hikari.HikariDataSource       : HikariPool-1 - Shutdown initiated...
2024-05-03T23:52:29.776+07:00  INFO 807 --- [HUMAN_RESOURCE_MANAGEMENT_SYSTEM] [SpringApplicationShutdownHook] com.zaxxer.hikari.HikariDataSource       : HikariPool-1 - Shutdown completed.
