2024-05-01T20:36:17.182+07:00  INFO 1045 --- [HUMAN_RESOURCE_MANAGEMENT_SYSTEM] [main] com.chanty.hrms.HrmsApplication          : Starting HrmsApplication using Java 17.0.8 with PID 1045 (/Users/chanty/Project/backend/hrms-backend/target/classes started by chanty in /Users/chanty/Project/backend/hrms-backend)
2024-05-01T20:36:17.186+07:00  INFO 1045 --- [HUMAN_RESOURCE_MANAGEMENT_SYSTEM] [main] com.chanty.hrms.HrmsApplication          : The following 1 profile is active: "dev"
2024-05-01T20:36:18.030+07:00  INFO 1045 --- [HUMAN_RESOURCE_MANAGEMENT_SYSTEM] [main] .s.d.r.c.RepositoryConfigurationDelegate : Bootstrapping Spring Data JPA repositories in DEFAULT mode.
2024-05-01T20:36:18.100+07:00  INFO 1045 --- [HUMAN_RESOURCE_MANAGEMENT_SYSTEM] [main] .s.d.r.c.RepositoryConfigurationDelegate : Finished Spring Data repository scanning in 60 ms. Found 2 JPA repository interfaces.
2024-05-01T20:36:18.692+07:00  INFO 1045 --- [HUMAN_RESOURCE_MANAGEMENT_SYSTEM] [main] o.s.b.w.embedded.tomcat.TomcatWebServer  : Tomcat initialized with port 8080 (http)
2024-05-01T20:36:18.703+07:00  INFO 1045 --- [HUMAN_RESOURCE_MANAGEMENT_SYSTEM] [main] o.apache.catalina.core.StandardService   : Starting service [Tomcat]
2024-05-01T20:36:18.703+07:00  INFO 1045 --- [HUMAN_RESOURCE_MANAGEMENT_SYSTEM] [main] o.apache.catalina.core.StandardEngine    : Starting Servlet engine: [Apache Tomcat/10.1.19]
2024-05-01T20:36:18.762+07:00  INFO 1045 --- [HUMAN_RESOURCE_MANAGEMENT_SYSTEM] [main] o.a.c.c.C.[Tomcat].[localhost].[/]       : Initializing Spring embedded WebApplicationContext
2024-05-01T20:36:18.762+07:00  INFO 1045 --- [HUMAN_RESOURCE_MANAGEMENT_SYSTEM] [main] w.s.c.ServletWebServerApplicationContext : Root WebApplicationContext: initialization completed in 1541 ms
2024-05-01T20:36:18.919+07:00  INFO 1045 --- [HUMAN_RESOURCE_MANAGEMENT_SYSTEM] [main] o.hibernate.jpa.internal.util.LogHelper  : HHH000204: Processing PersistenceUnitInfo [name: default]
2024-05-01T20:36:18.989+07:00  INFO 1045 --- [HUMAN_RESOURCE_MANAGEMENT_SYSTEM] [main] org.hibernate.Version                    : HHH000412: Hibernate ORM core version 6.4.4.Final
2024-05-01T20:36:19.024+07:00  INFO 1045 --- [HUMAN_RESOURCE_MANAGEMENT_SYSTEM] [main] o.h.c.internal.RegionFactoryInitiator    : HHH000026: Second-level cache disabled
2024-05-01T20:36:19.302+07:00  INFO 1045 --- [HUMAN_RESOURCE_MANAGEMENT_SYSTEM] [main] o.s.o.j.p.SpringPersistenceUnitInfo      : No LoadTimeWeaver setup: ignoring JPA class transformer
2024-05-01T20:36:19.339+07:00  INFO 1045 --- [HUMAN_RESOURCE_MANAGEMENT_SYSTEM] [main] com.zaxxer.hikari.HikariDataSource       : HikariPool-1 - Starting...
2024-05-01T20:36:19.585+07:00  INFO 1045 --- [HUMAN_RESOURCE_MANAGEMENT_SYSTEM] [main] com.zaxxer.hikari.pool.HikariPool        : HikariPool-1 - Added connection org.postgresql.jdbc.PgConnection@7d6c4079
2024-05-01T20:36:19.587+07:00  INFO 1045 --- [HUMAN_RESOURCE_MANAGEMENT_SYSTEM] [main] com.zaxxer.hikari.HikariDataSource       : HikariPool-1 - Start completed.
2024-05-01T20:36:21.044+07:00  INFO 1045 --- [HUMAN_RESOURCE_MANAGEMENT_SYSTEM] [main] o.h.e.t.j.p.i.JtaPlatformInitiator       : HHH000489: No JTA platform available (set 'hibernate.transaction.jta.platform' to enable JTA platform integration)
2024-05-01T20:36:21.196+07:00  INFO 1045 --- [HUMAN_RESOURCE_MANAGEMENT_SYSTEM] [main] j.LocalContainerEntityManagerFactoryBean : Initialized JPA EntityManagerFactory for persistence unit 'default'
2024-05-01T20:36:21.909+07:00  WARN 1045 --- [HUMAN_RESOURCE_MANAGEMENT_SYSTEM] [main] JpaBaseConfiguration$JpaWebConfiguration : spring.jpa.open-in-view is enabled by default. Therefore, database queries may be performed during view rendering. Explicitly configure spring.jpa.open-in-view to disable this warning
2024-05-01T20:36:22.227+07:00  INFO 1045 --- [HUMAN_RESOURCE_MANAGEMENT_SYSTEM] [main] o.s.s.web.DefaultSecurityFilterChain     : Will secure any request with [org.springframework.security.web.session.DisableEncodeUrlFilter@197bf5ef, org.springframework.security.web.context.request.async.WebAsyncManagerIntegrationFilter@681ba763, org.springframework.security.web.context.SecurityContextHolderFilter@1c7da28, org.springframework.security.web.header.HeaderWriterFilter@63f6811e, org.springframework.security.web.authentication.logout.LogoutFilter@753b6846, com.chanty.hrms.config.security.AuthTokenFilter@1d642682, org.springframework.security.web.savedrequest.RequestCacheAwareFilter@39b50027, org.springframework.security.web.servletapi.SecurityContextHolderAwareRequestFilter@24c4370a, org.springframework.security.web.authentication.AnonymousAuthenticationFilter@19cc697c, org.springframework.security.web.session.SessionManagementFilter@54c15e, org.springframework.security.web.access.ExceptionTranslationFilter@4eba6e1f, org.springframework.security.web.access.intercept.AuthorizationFilter@4756c8f3]
2024-05-01T20:36:22.539+07:00  INFO 1045 --- [HUMAN_RESOURCE_MANAGEMENT_SYSTEM] [main] o.s.b.w.embedded.tomcat.TomcatWebServer  : Tomcat started on port 8080 (http) with context path ''
2024-05-01T20:36:22.549+07:00  INFO 1045 --- [HUMAN_RESOURCE_MANAGEMENT_SYSTEM] [main] com.chanty.hrms.HrmsApplication          : Started HrmsApplication in 5.933 seconds (process running for 11.728)
2024-05-01T21:07:23.822+07:00  INFO 1045 --- [HUMAN_RESOURCE_MANAGEMENT_SYSTEM] [SpringApplicationShutdownHook] j.LocalContainerEntityManagerFactoryBean : Closing JPA EntityManagerFactory for persistence unit 'default'
2024-05-01T21:07:23.832+07:00  INFO 1045 --- [HUMAN_RESOURCE_MANAGEMENT_SYSTEM] [SpringApplicationShutdownHook] com.zaxxer.hikari.HikariDataSource       : HikariPool-1 - Shutdown initiated...
2024-05-01T21:07:23.836+07:00  INFO 1045 --- [HUMAN_RESOURCE_MANAGEMENT_SYSTEM] [SpringApplicationShutdownHook] com.zaxxer.hikari.HikariDataSource       : HikariPool-1 - Shutdown completed.
2024-05-01T21:07:32.574+07:00  INFO 1661 --- [HUMAN_RESOURCE_MANAGEMENT_SYSTEM] [main] com.chanty.hrms.HrmsApplication          : Starting HrmsApplication using Java 17.0.8 with PID 1661 (/Users/chanty/Project/backend/hrms-backend/target/classes started by chanty in /Users/chanty/Project/backend/hrms-backend)
2024-05-01T21:07:32.576+07:00  INFO 1661 --- [HUMAN_RESOURCE_MANAGEMENT_SYSTEM] [main] com.chanty.hrms.HrmsApplication          : The following 1 profile is active: "dev"
2024-05-01T21:07:33.157+07:00  INFO 1661 --- [HUMAN_RESOURCE_MANAGEMENT_SYSTEM] [main] .s.d.r.c.RepositoryConfigurationDelegate : Bootstrapping Spring Data JPA repositories in DEFAULT mode.
2024-05-01T21:07:33.205+07:00  INFO 1661 --- [HUMAN_RESOURCE_MANAGEMENT_SYSTEM] [main] .s.d.r.c.RepositoryConfigurationDelegate : Finished Spring Data repository scanning in 42 ms. Found 2 JPA repository interfaces.
2024-05-01T21:07:33.618+07:00  INFO 1661 --- [HUMAN_RESOURCE_MANAGEMENT_SYSTEM] [main] o.s.b.w.embedded.tomcat.TomcatWebServer  : Tomcat initialized with port 8080 (http)
2024-05-01T21:07:33.626+07:00  INFO 1661 --- [HUMAN_RESOURCE_MANAGEMENT_SYSTEM] [main] o.apache.catalina.core.StandardService   : Starting service [Tomcat]
2024-05-01T21:07:33.627+07:00  INFO 1661 --- [HUMAN_RESOURCE_MANAGEMENT_SYSTEM] [main] o.apache.catalina.core.StandardEngine    : Starting Servlet engine: [Apache Tomcat/10.1.19]
2024-05-01T21:07:33.665+07:00  INFO 1661 --- [HUMAN_RESOURCE_MANAGEMENT_SYSTEM] [main] o.a.c.c.C.[Tomcat].[localhost].[/]       : Initializing Spring embedded WebApplicationContext
2024-05-01T21:07:33.665+07:00  INFO 1661 --- [HUMAN_RESOURCE_MANAGEMENT_SYSTEM] [main] w.s.c.ServletWebServerApplicationContext : Root WebApplicationContext: initialization completed in 1056 ms
2024-05-01T21:07:33.759+07:00  INFO 1661 --- [HUMAN_RESOURCE_MANAGEMENT_SYSTEM] [main] o.hibernate.jpa.internal.util.LogHelper  : HHH000204: Processing PersistenceUnitInfo [name: default]
2024-05-01T21:07:33.799+07:00  INFO 1661 --- [HUMAN_RESOURCE_MANAGEMENT_SYSTEM] [main] org.hibernate.Version                    : HHH000412: Hibernate ORM core version 6.4.4.Final
2024-05-01T21:07:33.827+07:00  INFO 1661 --- [HUMAN_RESOURCE_MANAGEMENT_SYSTEM] [main] o.h.c.internal.RegionFactoryInitiator    : HHH000026: Second-level cache disabled
2024-05-01T21:07:34.010+07:00  INFO 1661 --- [HUMAN_RESOURCE_MANAGEMENT_SYSTEM] [main] o.s.o.j.p.SpringPersistenceUnitInfo      : No LoadTimeWeaver setup: ignoring JPA class transformer
2024-05-01T21:07:34.030+07:00  INFO 1661 --- [HUMAN_RESOURCE_MANAGEMENT_SYSTEM] [main] com.zaxxer.hikari.HikariDataSource       : HikariPool-1 - Starting...
2024-05-01T21:07:34.188+07:00  INFO 1661 --- [HUMAN_RESOURCE_MANAGEMENT_SYSTEM] [main] com.zaxxer.hikari.pool.HikariPool        : HikariPool-1 - Added connection org.postgresql.jdbc.PgConnection@47198524
2024-05-01T21:07:34.190+07:00  INFO 1661 --- [HUMAN_RESOURCE_MANAGEMENT_SYSTEM] [main] com.zaxxer.hikari.HikariDataSource       : HikariPool-1 - Start completed.
2024-05-01T21:07:35.318+07:00  INFO 1661 --- [HUMAN_RESOURCE_MANAGEMENT_SYSTEM] [main] o.h.e.t.j.p.i.JtaPlatformInitiator       : HHH000489: No JTA platform available (set 'hibernate.transaction.jta.platform' to enable JTA platform integration)
2024-05-01T21:07:35.406+07:00  INFO 1661 --- [HUMAN_RESOURCE_MANAGEMENT_SYSTEM] [main] j.LocalContainerEntityManagerFactoryBean : Initialized JPA EntityManagerFactory for persistence unit 'default'
2024-05-01T21:07:35.875+07:00  WARN 1661 --- [HUMAN_RESOURCE_MANAGEMENT_SYSTEM] [main] JpaBaseConfiguration$JpaWebConfiguration : spring.jpa.open-in-view is enabled by default. Therefore, database queries may be performed during view rendering. Explicitly configure spring.jpa.open-in-view to disable this warning
2024-05-01T21:07:36.088+07:00  INFO 1661 --- [HUMAN_RESOURCE_MANAGEMENT_SYSTEM] [main] o.s.s.web.DefaultSecurityFilterChain     : Will secure any request with [org.springframework.security.web.session.DisableEncodeUrlFilter@237e4ed9, org.springframework.security.web.context.request.async.WebAsyncManagerIntegrationFilter@1ef4179, org.springframework.security.web.context.SecurityContextHolderFilter@1b12c870, org.springframework.security.web.header.HeaderWriterFilter@3503e68e, org.springframework.security.web.authentication.logout.LogoutFilter@7dc16d33, com.chanty.hrms.config.security.AuthTokenFilter@722e1bff, org.springframework.security.web.savedrequest.RequestCacheAwareFilter@7ddd5715, org.springframework.security.web.servletapi.SecurityContextHolderAwareRequestFilter@d88d9d7, org.springframework.security.web.authentication.AnonymousAuthenticationFilter@322f6283, org.springframework.security.web.session.SessionManagementFilter@5ccc07ae, org.springframework.security.web.access.ExceptionTranslationFilter@160b7ccd, org.springframework.security.web.access.intercept.AuthorizationFilter@22b00077]
2024-05-01T21:07:36.334+07:00  INFO 1661 --- [HUMAN_RESOURCE_MANAGEMENT_SYSTEM] [main] o.s.b.w.embedded.tomcat.TomcatWebServer  : Tomcat started on port 8080 (http) with context path ''
2024-05-01T21:07:36.344+07:00  INFO 1661 --- [HUMAN_RESOURCE_MANAGEMENT_SYSTEM] [main] com.chanty.hrms.HrmsApplication          : Started HrmsApplication in 4.135 seconds (process running for 9.816)
2024-05-01T21:46:19.518+07:00  WARN 1661 --- [HUMAN_RESOURCE_MANAGEMENT_SYSTEM] [HikariPool-1 housekeeper] com.zaxxer.hikari.pool.HikariPool        : HikariPool-1 - Thread starvation or clock leap detected (housekeeper delta=24m45s132ms).
2024-05-01T22:37:35.517+07:00  WARN 1661 --- [HUMAN_RESOURCE_MANAGEMENT_SYSTEM] [HikariPool-1 housekeeper] com.zaxxer.hikari.pool.HikariPool        : HikariPool-1 - Thread starvation or clock leap detected (housekeeper delta=51m16s1ms).
2024-05-01T22:45:59.905+07:00  WARN 1661 --- [HUMAN_RESOURCE_MANAGEMENT_SYSTEM] [HikariPool-1 housekeeper] com.zaxxer.hikari.pool.HikariPool        : HikariPool-1 - Thread starvation or clock leap detected (housekeeper delta=2m24s356ms).
2024-05-01T22:53:49.439+07:00  WARN 1661 --- [HUMAN_RESOURCE_MANAGEMENT_SYSTEM] [HikariPool-1 housekeeper] com.zaxxer.hikari.pool.HikariPool        : HikariPool-1 - Thread starvation or clock leap detected (housekeeper delta=5m49s521ms).
2024-05-01T23:17:13.215+07:00  WARN 1661 --- [HUMAN_RESOURCE_MANAGEMENT_SYSTEM] [HikariPool-1 housekeeper] com.zaxxer.hikari.pool.HikariPool        : HikariPool-1 - Thread starvation or clock leap detected (housekeeper delta=1m53s620ms).
