2024-08-17T20:34:22.852+07:00  INFO 3980 --- [HUMAN_RESOURCE_MANAGEMENT_SYSTEM] [main] com.chanty.hrms.HrmsApplication          : Starting HrmsApplication using Java 17.0.8 with PID 3980 (/Users/chanty/Project/backend/hrms-backend/target/classes started by chanty in /Users/chanty/Project/backend/hrms-backend)
2024-08-17T20:34:22.857+07:00  INFO 3980 --- [HUMAN_RESOURCE_MANAGEMENT_SYSTEM] [main] com.chanty.hrms.HrmsApplication          : The following 1 profile is active: "dev"
2024-08-17T20:34:25.606+07:00  INFO 3980 --- [HUMAN_RESOURCE_MANAGEMENT_SYSTEM] [main] .s.d.r.c.RepositoryConfigurationDelegate : Bootstrapping Spring Data JPA repositories in DEFAULT mode.
2024-08-17T20:34:25.825+07:00  INFO 3980 --- [HUMAN_RESOURCE_MANAGEMENT_SYSTEM] [main] .s.d.r.c.RepositoryConfigurationDelegate : Finished Spring Data repository scanning in 195 ms. Found 4 JPA repository interfaces.
2024-08-17T20:34:27.118+07:00  INFO 3980 --- [HUMAN_RESOURCE_MANAGEMENT_SYSTEM] [main] o.s.b.w.embedded.tomcat.TomcatWebServer  : Tomcat initialized with port 8080 (http)
2024-08-17T20:34:27.142+07:00  INFO 3980 --- [HUMAN_RESOURCE_MANAGEMENT_SYSTEM] [main] o.apache.catalina.core.StandardService   : Starting service [Tomcat]
2024-08-17T20:34:27.142+07:00  INFO 3980 --- [HUMAN_RESOURCE_MANAGEMENT_SYSTEM] [main] o.apache.catalina.core.StandardEngine    : Starting Servlet engine: [Apache Tomcat/10.1.19]
2024-08-17T20:34:27.275+07:00  INFO 3980 --- [HUMAN_RESOURCE_MANAGEMENT_SYSTEM] [main] o.a.c.c.C.[Tomcat].[localhost].[/]       : Initializing Spring embedded WebApplicationContext
2024-08-17T20:34:27.276+07:00  INFO 3980 --- [HUMAN_RESOURCE_MANAGEMENT_SYSTEM] [main] w.s.c.ServletWebServerApplicationContext : Root WebApplicationContext: initialization completed in 4367 ms
2024-08-17T20:34:27.748+07:00  INFO 3980 --- [HUMAN_RESOURCE_MANAGEMENT_SYSTEM] [main] o.hibernate.jpa.internal.util.LogHelper  : HHH000204: Processing PersistenceUnitInfo [name: default]
2024-08-17T20:34:27.887+07:00  INFO 3980 --- [HUMAN_RESOURCE_MANAGEMENT_SYSTEM] [main] org.hibernate.Version                    : HHH000412: Hibernate ORM core version 6.4.4.Final
2024-08-17T20:34:27.947+07:00  INFO 3980 --- [HUMAN_RESOURCE_MANAGEMENT_SYSTEM] [main] o.h.c.internal.RegionFactoryInitiator    : HHH000026: Second-level cache disabled
2024-08-17T20:34:28.373+07:00  INFO 3980 --- [HUMAN_RESOURCE_MANAGEMENT_SYSTEM] [main] o.s.o.j.p.SpringPersistenceUnitInfo      : No LoadTimeWeaver setup: ignoring JPA class transformer
2024-08-17T20:34:28.417+07:00  INFO 3980 --- [HUMAN_RESOURCE_MANAGEMENT_SYSTEM] [main] com.zaxxer.hikari.HikariDataSource       : HikariPool-1 - Starting...
2024-08-17T20:34:29.128+07:00  INFO 3980 --- [HUMAN_RESOURCE_MANAGEMENT_SYSTEM] [main] com.zaxxer.hikari.pool.HikariPool        : HikariPool-1 - Added connection org.postgresql.jdbc.PgConnection@75f4d8a8
2024-08-17T20:34:29.132+07:00  INFO 3980 --- [HUMAN_RESOURCE_MANAGEMENT_SYSTEM] [main] com.zaxxer.hikari.HikariDataSource       : HikariPool-1 - Start completed.
2024-08-17T20:34:31.024+07:00  INFO 3980 --- [HUMAN_RESOURCE_MANAGEMENT_SYSTEM] [main] o.h.e.t.j.p.i.JtaPlatformInitiator       : HHH000489: No JTA platform available (set 'hibernate.transaction.jta.platform' to enable JTA platform integration)
2024-08-17T20:34:31.273+07:00  INFO 3980 --- [HUMAN_RESOURCE_MANAGEMENT_SYSTEM] [main] j.LocalContainerEntityManagerFactoryBean : Initialized JPA EntityManagerFactory for persistence unit 'default'
2024-08-17T20:34:34.345+07:00  WARN 3980 --- [HUMAN_RESOURCE_MANAGEMENT_SYSTEM] [main] JpaBaseConfiguration$JpaWebConfiguration : spring.jpa.open-in-view is enabled by default. Therefore, database queries may be performed during view rendering. Explicitly configure spring.jpa.open-in-view to disable this warning
2024-08-17T20:34:35.174+07:00  INFO 3980 --- [HUMAN_RESOURCE_MANAGEMENT_SYSTEM] [main] o.s.s.web.DefaultSecurityFilterChain     : Will secure any request with [org.springframework.security.web.session.DisableEncodeUrlFilter@1f02ce3, org.springframework.security.web.context.request.async.WebAsyncManagerIntegrationFilter@35f34ccc, org.springframework.security.web.context.SecurityContextHolderFilter@665fb1d8, org.springframework.security.web.header.HeaderWriterFilter@6554f841, org.springframework.security.web.authentication.logout.LogoutFilter@7475f071, com.chanty.hrms.config.security.AuthTokenFilter@41bd8ec9, org.springframework.security.web.savedrequest.RequestCacheAwareFilter@43376a03, org.springframework.security.web.servletapi.SecurityContextHolderAwareRequestFilter@9b84747, org.springframework.security.web.authentication.AnonymousAuthenticationFilter@136a2e3b, org.springframework.security.web.session.SessionManagementFilter@5524e471, org.springframework.security.web.access.ExceptionTranslationFilter@480b785a, org.springframework.security.web.access.intercept.AuthorizationFilter@7f0977d6]
2024-08-17T20:34:35.731+07:00  INFO 3980 --- [HUMAN_RESOURCE_MANAGEMENT_SYSTEM] [main] o.s.b.w.embedded.tomcat.TomcatWebServer  : Tomcat started on port 8080 (http) with context path ''
2024-08-17T20:34:35.746+07:00  INFO 3980 --- [HUMAN_RESOURCE_MANAGEMENT_SYSTEM] [main] com.chanty.hrms.HrmsApplication          : Started HrmsApplication in 13.656 seconds (process running for 19.965)
2024-08-17T20:35:26.590+07:00  INFO 3980 --- [HUMAN_RESOURCE_MANAGEMENT_SYSTEM] [http-nio-8080-exec-1] o.a.c.c.C.[Tomcat].[localhost].[/]       : Initializing Spring DispatcherServlet 'dispatcherServlet'
2024-08-17T20:35:26.596+07:00  INFO 3980 --- [HUMAN_RESOURCE_MANAGEMENT_SYSTEM] [http-nio-8080-exec-1] o.s.web.servlet.DispatcherServlet        : Initializing Servlet 'dispatcherServlet'
2024-08-17T20:35:26.670+07:00  INFO 3980 --- [HUMAN_RESOURCE_MANAGEMENT_SYSTEM] [http-nio-8080-exec-1] o.s.web.servlet.DispatcherServlet        : Completed initialization in 72 ms
2024-08-17T20:35:27.036+07:00 ERROR 3980 --- [HUMAN_RESOURCE_MANAGEMENT_SYSTEM] [http-nio-8080-exec-1] com.chanty.hrms.utils.JwtUtils           : JWT token is expired: JWT expired at 2024-08-11T16:35:30Z. Current time: 2024-08-17T13:35:27Z, a difference of 507597033 milliseconds.  Allowed clock skew: 0 milliseconds.
2024-08-17T20:35:27.045+07:00 ERROR 3980 --- [HUMAN_RESOURCE_MANAGEMENT_SYSTEM] [http-nio-8080-exec-1] c.c.hrms.config.security.AuthEntryPoint  : Unauthorized error: Full authentication is required to access this resource
2024-08-17T20:35:30.046+07:00 ERROR 3980 --- [HUMAN_RESOURCE_MANAGEMENT_SYSTEM] [http-nio-8080-exec-2] com.chanty.hrms.utils.JwtUtils           : JWT token is expired: JWT expired at 2024-08-11T16:35:30Z. Current time: 2024-08-17T13:35:30Z, a difference of 507600046 milliseconds.  Allowed clock skew: 0 milliseconds.
2024-08-17T20:35:36.023+07:00 ERROR 3980 --- [HUMAN_RESOURCE_MANAGEMENT_SYSTEM] [http-nio-8080-exec-3] com.chanty.hrms.utils.JwtUtils           : JWT token is expired: JWT expired at 2024-08-11T16:35:30Z. Current time: 2024-08-17T13:35:36Z, a difference of 507606023 milliseconds.  Allowed clock skew: 0 milliseconds.
2024-08-17T20:35:46.260+07:00  INFO 3980 --- [HUMAN_RESOURCE_MANAGEMENT_SYSTEM] [http-nio-8080-exec-7] c.c.hrms.service.impl.RoleServiceImpl    : ===== getAll Role =====
2024-08-17T20:36:24.927+07:00  INFO 3980 --- [HUMAN_RESOURCE_MANAGEMENT_SYSTEM] [http-nio-8080-exec-8] c.c.hrms.service.impl.RoleServiceImpl    : ===== getAll Role =====
2024-08-17T20:41:58.779+07:00  INFO 3980 --- [HUMAN_RESOURCE_MANAGEMENT_SYSTEM] [http-nio-8080-exec-1] c.c.hrms.service.impl.RoleServiceImpl    : ===== getAll Role =====
2024-08-17T20:58:05.660+07:00  WARN 3980 --- [HUMAN_RESOURCE_MANAGEMENT_SYSTEM] [HikariPool-1 housekeeper] com.zaxxer.hikari.pool.HikariPool        : HikariPool-1 - Thread starvation or clock leap detected (housekeeper delta=16m6s378ms).
2024-08-17T21:15:04.615+07:00  INFO 3980 --- [HUMAN_RESOURCE_MANAGEMENT_SYSTEM] [http-nio-8080-exec-4] c.c.hrms.service.impl.RoleServiceImpl    : ===== getAll Role =====
2024-08-17T21:16:04.473+07:00  WARN 3980 --- [HUMAN_RESOURCE_MANAGEMENT_SYSTEM] [HikariPool-1 housekeeper] com.zaxxer.hikari.pool.HikariPool        : HikariPool-1 - Thread starvation or clock leap detected (housekeeper delta=58s679ms).
2024-08-17T21:17:50.537+07:00  WARN 3980 --- [HUMAN_RESOURCE_MANAGEMENT_SYSTEM] [HikariPool-1 housekeeper] com.zaxxer.hikari.pool.HikariPool        : HikariPool-1 - Thread starvation or clock leap detected (housekeeper delta=1m46s64ms).
2024-08-17T21:18:30.854+07:00  INFO 3980 --- [HUMAN_RESOURCE_MANAGEMENT_SYSTEM] [SpringApplicationShutdownHook] j.LocalContainerEntityManagerFactoryBean : Closing JPA EntityManagerFactory for persistence unit 'default'
2024-08-17T21:18:30.882+07:00  INFO 3980 --- [HUMAN_RESOURCE_MANAGEMENT_SYSTEM] [SpringApplicationShutdownHook] com.zaxxer.hikari.HikariDataSource       : HikariPool-1 - Shutdown initiated...
2024-08-17T21:18:30.888+07:00  INFO 3980 --- [HUMAN_RESOURCE_MANAGEMENT_SYSTEM] [SpringApplicationShutdownHook] com.zaxxer.hikari.HikariDataSource       : HikariPool-1 - Shutdown completed.
2024-08-17T21:18:39.360+07:00  INFO 4502 --- [HUMAN_RESOURCE_MANAGEMENT_SYSTEM] [main] com.chanty.hrms.HrmsApplication          : Starting HrmsApplication using Java 17.0.8 with PID 4502 (/Users/chanty/Project/backend/hrms-backend/target/classes started by chanty in /Users/chanty/Project/backend/hrms-backend)
2024-08-17T21:18:39.367+07:00  INFO 4502 --- [HUMAN_RESOURCE_MANAGEMENT_SYSTEM] [main] com.chanty.hrms.HrmsApplication          : The following 1 profile is active: "dev"
2024-08-17T21:18:39.989+07:00  INFO 4502 --- [HUMAN_RESOURCE_MANAGEMENT_SYSTEM] [main] .s.d.r.c.RepositoryConfigurationDelegate : Bootstrapping Spring Data JPA repositories in DEFAULT mode.
2024-08-17T21:18:40.046+07:00  INFO 4502 --- [HUMAN_RESOURCE_MANAGEMENT_SYSTEM] [main] .s.d.r.c.RepositoryConfigurationDelegate : Finished Spring Data repository scanning in 52 ms. Found 4 JPA repository interfaces.
2024-08-17T21:18:40.603+07:00  INFO 4502 --- [HUMAN_RESOURCE_MANAGEMENT_SYSTEM] [main] o.s.b.w.embedded.tomcat.TomcatWebServer  : Tomcat initialized with port 8080 (http)
2024-08-17T21:18:40.612+07:00  INFO 4502 --- [HUMAN_RESOURCE_MANAGEMENT_SYSTEM] [main] o.apache.catalina.core.StandardService   : Starting service [Tomcat]
2024-08-17T21:18:40.612+07:00  INFO 4502 --- [HUMAN_RESOURCE_MANAGEMENT_SYSTEM] [main] o.apache.catalina.core.StandardEngine    : Starting Servlet engine: [Apache Tomcat/10.1.19]
2024-08-17T21:18:40.653+07:00  INFO 4502 --- [HUMAN_RESOURCE_MANAGEMENT_SYSTEM] [main] o.a.c.c.C.[Tomcat].[localhost].[/]       : Initializing Spring embedded WebApplicationContext
2024-08-17T21:18:40.653+07:00  INFO 4502 --- [HUMAN_RESOURCE_MANAGEMENT_SYSTEM] [main] w.s.c.ServletWebServerApplicationContext : Root WebApplicationContext: initialization completed in 1254 ms
2024-08-17T21:18:40.777+07:00  INFO 4502 --- [HUMAN_RESOURCE_MANAGEMENT_SYSTEM] [main] o.hibernate.jpa.internal.util.LogHelper  : HHH000204: Processing PersistenceUnitInfo [name: default]
2024-08-17T21:18:40.815+07:00  INFO 4502 --- [HUMAN_RESOURCE_MANAGEMENT_SYSTEM] [main] org.hibernate.Version                    : HHH000412: Hibernate ORM core version 6.4.4.Final
2024-08-17T21:18:40.854+07:00  INFO 4502 --- [HUMAN_RESOURCE_MANAGEMENT_SYSTEM] [main] o.h.c.internal.RegionFactoryInitiator    : HHH000026: Second-level cache disabled
2024-08-17T21:18:41.044+07:00  INFO 4502 --- [HUMAN_RESOURCE_MANAGEMENT_SYSTEM] [main] o.s.o.j.p.SpringPersistenceUnitInfo      : No LoadTimeWeaver setup: ignoring JPA class transformer
2024-08-17T21:18:41.066+07:00  INFO 4502 --- [HUMAN_RESOURCE_MANAGEMENT_SYSTEM] [main] com.zaxxer.hikari.HikariDataSource       : HikariPool-1 - Starting...
2024-08-17T21:18:41.262+07:00  INFO 4502 --- [HUMAN_RESOURCE_MANAGEMENT_SYSTEM] [main] com.zaxxer.hikari.pool.HikariPool        : HikariPool-1 - Added connection org.postgresql.jdbc.PgConnection@3568ea59
2024-08-17T21:18:41.264+07:00  INFO 4502 --- [HUMAN_RESOURCE_MANAGEMENT_SYSTEM] [main] com.zaxxer.hikari.HikariDataSource       : HikariPool-1 - Start completed.
2024-08-17T21:18:42.408+07:00  INFO 4502 --- [HUMAN_RESOURCE_MANAGEMENT_SYSTEM] [main] o.h.e.t.j.p.i.JtaPlatformInitiator       : HHH000489: No JTA platform available (set 'hibernate.transaction.jta.platform' to enable JTA platform integration)
2024-08-17T21:18:42.520+07:00  INFO 4502 --- [HUMAN_RESOURCE_MANAGEMENT_SYSTEM] [main] j.LocalContainerEntityManagerFactoryBean : Initialized JPA EntityManagerFactory for persistence unit 'default'
2024-08-17T21:18:43.224+07:00  WARN 4502 --- [HUMAN_RESOURCE_MANAGEMENT_SYSTEM] [main] JpaBaseConfiguration$JpaWebConfiguration : spring.jpa.open-in-view is enabled by default. Therefore, database queries may be performed during view rendering. Explicitly configure spring.jpa.open-in-view to disable this warning
2024-08-17T21:18:43.519+07:00  INFO 4502 --- [HUMAN_RESOURCE_MANAGEMENT_SYSTEM] [main] o.s.s.web.DefaultSecurityFilterChain     : Will secure any request with [org.springframework.security.web.session.DisableEncodeUrlFilter@25198ead, org.springframework.security.web.context.request.async.WebAsyncManagerIntegrationFilter@1b52f723, org.springframework.security.web.context.SecurityContextHolderFilter@2cc3df02, org.springframework.security.web.header.HeaderWriterFilter@3b6d94fc, org.springframework.security.web.authentication.logout.LogoutFilter@62a5e4c7, com.chanty.hrms.config.security.AuthTokenFilter@4c131823, org.springframework.security.web.savedrequest.RequestCacheAwareFilter@22a9fa23, org.springframework.security.web.servletapi.SecurityContextHolderAwareRequestFilter@7859bd9a, org.springframework.security.web.authentication.AnonymousAuthenticationFilter@39384ba6, org.springframework.security.web.session.SessionManagementFilter@665902eb, org.springframework.security.web.access.ExceptionTranslationFilter@5188c0f2, org.springframework.security.web.access.intercept.AuthorizationFilter@3f7030b5]
2024-08-17T21:18:43.865+07:00  INFO 4502 --- [HUMAN_RESOURCE_MANAGEMENT_SYSTEM] [main] o.s.b.w.embedded.tomcat.TomcatWebServer  : Tomcat started on port 8080 (http) with context path ''
2024-08-17T21:18:43.874+07:00  INFO 4502 --- [HUMAN_RESOURCE_MANAGEMENT_SYSTEM] [main] com.chanty.hrms.HrmsApplication          : Started HrmsApplication in 4.86 seconds (process running for 10.441)
2024-08-17T21:19:20.270+07:00  INFO 4502 --- [HUMAN_RESOURCE_MANAGEMENT_SYSTEM] [http-nio-8080-exec-1] o.a.c.c.C.[Tomcat].[localhost].[/]       : Initializing Spring DispatcherServlet 'dispatcherServlet'
2024-08-17T21:19:20.272+07:00  INFO 4502 --- [HUMAN_RESOURCE_MANAGEMENT_SYSTEM] [http-nio-8080-exec-1] o.s.web.servlet.DispatcherServlet        : Initializing Servlet 'dispatcherServlet'
2024-08-17T21:19:20.283+07:00  INFO 4502 --- [HUMAN_RESOURCE_MANAGEMENT_SYSTEM] [http-nio-8080-exec-1] o.s.web.servlet.DispatcherServlet        : Completed initialization in 9 ms
2024-08-17T21:19:21.363+07:00  INFO 4502 --- [HUMAN_RESOURCE_MANAGEMENT_SYSTEM] [http-nio-8080-exec-9] o.springdoc.api.AbstractOpenApiResource  : Init duration for springdoc-openapi is: 438 ms
2024-08-17T21:19:54.894+07:00  INFO 4502 --- [HUMAN_RESOURCE_MANAGEMENT_SYSTEM] [SpringApplicationShutdownHook] j.LocalContainerEntityManagerFactoryBean : Closing JPA EntityManagerFactory for persistence unit 'default'
2024-08-17T21:19:54.897+07:00  INFO 4502 --- [HUMAN_RESOURCE_MANAGEMENT_SYSTEM] [SpringApplicationShutdownHook] com.zaxxer.hikari.HikariDataSource       : HikariPool-1 - Shutdown initiated...
2024-08-17T21:19:54.900+07:00  INFO 4502 --- [HUMAN_RESOURCE_MANAGEMENT_SYSTEM] [SpringApplicationShutdownHook] com.zaxxer.hikari.HikariDataSource       : HikariPool-1 - Shutdown completed.
2024-08-17T21:20:02.897+07:00  INFO 4542 --- [HUMAN_RESOURCE_MANAGEMENT_SYSTEM] [main] com.chanty.hrms.HrmsApplication          : Starting HrmsApplication using Java 17.0.8 with PID 4542 (/Users/chanty/Project/backend/hrms-backend/target/classes started by chanty in /Users/chanty/Project/backend/hrms-backend)
2024-08-17T21:20:02.898+07:00  INFO 4542 --- [HUMAN_RESOURCE_MANAGEMENT_SYSTEM] [main] com.chanty.hrms.HrmsApplication          : The following 1 profile is active: "dev"
2024-08-17T21:20:03.547+07:00  INFO 4542 --- [HUMAN_RESOURCE_MANAGEMENT_SYSTEM] [main] .s.d.r.c.RepositoryConfigurationDelegate : Bootstrapping Spring Data JPA repositories in DEFAULT mode.
2024-08-17T21:20:03.603+07:00  INFO 4542 --- [HUMAN_RESOURCE_MANAGEMENT_SYSTEM] [main] .s.d.r.c.RepositoryConfigurationDelegate : Finished Spring Data repository scanning in 51 ms. Found 4 JPA repository interfaces.
2024-08-17T21:20:04.071+07:00  INFO 4542 --- [HUMAN_RESOURCE_MANAGEMENT_SYSTEM] [main] o.s.b.w.embedded.tomcat.TomcatWebServer  : Tomcat initialized with port 8080 (http)
2024-08-17T21:20:04.079+07:00  INFO 4542 --- [HUMAN_RESOURCE_MANAGEMENT_SYSTEM] [main] o.apache.catalina.core.StandardService   : Starting service [Tomcat]
2024-08-17T21:20:04.079+07:00  INFO 4542 --- [HUMAN_RESOURCE_MANAGEMENT_SYSTEM] [main] o.apache.catalina.core.StandardEngine    : Starting Servlet engine: [Apache Tomcat/10.1.19]
2024-08-17T21:20:04.119+07:00  INFO 4542 --- [HUMAN_RESOURCE_MANAGEMENT_SYSTEM] [main] o.a.c.c.C.[Tomcat].[localhost].[/]       : Initializing Spring embedded WebApplicationContext
2024-08-17T21:20:04.120+07:00  INFO 4542 --- [HUMAN_RESOURCE_MANAGEMENT_SYSTEM] [main] w.s.c.ServletWebServerApplicationContext : Root WebApplicationContext: initialization completed in 1187 ms
2024-08-17T21:20:04.235+07:00  INFO 4542 --- [HUMAN_RESOURCE_MANAGEMENT_SYSTEM] [main] o.hibernate.jpa.internal.util.LogHelper  : HHH000204: Processing PersistenceUnitInfo [name: default]
2024-08-17T21:20:04.270+07:00  INFO 4542 --- [HUMAN_RESOURCE_MANAGEMENT_SYSTEM] [main] org.hibernate.Version                    : HHH000412: Hibernate ORM core version 6.4.4.Final
2024-08-17T21:20:04.297+07:00  INFO 4542 --- [HUMAN_RESOURCE_MANAGEMENT_SYSTEM] [main] o.h.c.internal.RegionFactoryInitiator    : HHH000026: Second-level cache disabled
2024-08-17T21:20:04.472+07:00  INFO 4542 --- [HUMAN_RESOURCE_MANAGEMENT_SYSTEM] [main] o.s.o.j.p.SpringPersistenceUnitInfo      : No LoadTimeWeaver setup: ignoring JPA class transformer
2024-08-17T21:20:04.490+07:00  INFO 4542 --- [HUMAN_RESOURCE_MANAGEMENT_SYSTEM] [main] com.zaxxer.hikari.HikariDataSource       : HikariPool-1 - Starting...
2024-08-17T21:20:04.609+07:00  INFO 4542 --- [HUMAN_RESOURCE_MANAGEMENT_SYSTEM] [main] com.zaxxer.hikari.pool.HikariPool        : HikariPool-1 - Added connection org.postgresql.jdbc.PgConnection@595ec862
2024-08-17T21:20:04.610+07:00  INFO 4542 --- [HUMAN_RESOURCE_MANAGEMENT_SYSTEM] [main] com.zaxxer.hikari.HikariDataSource       : HikariPool-1 - Start completed.
2024-08-17T21:20:05.674+07:00  INFO 4542 --- [HUMAN_RESOURCE_MANAGEMENT_SYSTEM] [main] o.h.e.t.j.p.i.JtaPlatformInitiator       : HHH000489: No JTA platform available (set 'hibernate.transaction.jta.platform' to enable JTA platform integration)
2024-08-17T21:20:05.748+07:00  INFO 4542 --- [HUMAN_RESOURCE_MANAGEMENT_SYSTEM] [main] j.LocalContainerEntityManagerFactoryBean : Initialized JPA EntityManagerFactory for persistence unit 'default'
2024-08-17T21:20:06.425+07:00  WARN 4542 --- [HUMAN_RESOURCE_MANAGEMENT_SYSTEM] [main] JpaBaseConfiguration$JpaWebConfiguration : spring.jpa.open-in-view is enabled by default. Therefore, database queries may be performed during view rendering. Explicitly configure spring.jpa.open-in-view to disable this warning
2024-08-17T21:20:06.732+07:00  INFO 4542 --- [HUMAN_RESOURCE_MANAGEMENT_SYSTEM] [main] o.s.s.web.DefaultSecurityFilterChain     : Will secure any request with [org.springframework.security.web.session.DisableEncodeUrlFilter@f511a8e, org.springframework.security.web.context.request.async.WebAsyncManagerIntegrationFilter@421f447f, org.springframework.security.web.context.SecurityContextHolderFilter@2835574b, org.springframework.security.web.header.HeaderWriterFilter@2c3762c7, org.springframework.security.web.authentication.logout.LogoutFilter@bf2aa3f, com.chanty.hrms.config.security.AuthTokenFilter@3152d449, org.springframework.security.web.savedrequest.RequestCacheAwareFilter@663d59ed, org.springframework.security.web.servletapi.SecurityContextHolderAwareRequestFilter@64d49e35, org.springframework.security.web.authentication.AnonymousAuthenticationFilter@3287cf03, org.springframework.security.web.session.SessionManagementFilter@9b84747, org.springframework.security.web.access.ExceptionTranslationFilter@6c39ba30, org.springframework.security.web.access.intercept.AuthorizationFilter@62a5e4c7]
2024-08-17T21:20:07.083+07:00  INFO 4542 --- [HUMAN_RESOURCE_MANAGEMENT_SYSTEM] [main] o.s.b.w.embedded.tomcat.TomcatWebServer  : Tomcat started on port 8080 (http) with context path ''
2024-08-17T21:20:07.092+07:00  INFO 4542 --- [HUMAN_RESOURCE_MANAGEMENT_SYSTEM] [main] com.chanty.hrms.HrmsApplication          : Started HrmsApplication in 4.547 seconds (process running for 10.071)
2024-08-17T21:20:18.783+07:00  INFO 4542 --- [HUMAN_RESOURCE_MANAGEMENT_SYSTEM] [http-nio-8080-exec-1] o.a.c.c.C.[Tomcat].[localhost].[/]       : Initializing Spring DispatcherServlet 'dispatcherServlet'
2024-08-17T21:20:18.784+07:00  INFO 4542 --- [HUMAN_RESOURCE_MANAGEMENT_SYSTEM] [http-nio-8080-exec-1] o.s.web.servlet.DispatcherServlet        : Initializing Servlet 'dispatcherServlet'
2024-08-17T21:20:18.785+07:00  INFO 4542 --- [HUMAN_RESOURCE_MANAGEMENT_SYSTEM] [http-nio-8080-exec-1] o.s.web.servlet.DispatcherServlet        : Completed initialization in 1 ms
2024-08-17T21:20:19.565+07:00  INFO 4542 --- [HUMAN_RESOURCE_MANAGEMENT_SYSTEM] [http-nio-8080-exec-9] o.springdoc.api.AbstractOpenApiResource  : Init duration for springdoc-openapi is: 429 ms
2024-08-17T21:20:44.943+07:00 ERROR 4542 --- [HUMAN_RESOURCE_MANAGEMENT_SYSTEM] [http-nio-8080-exec-10] c.c.hrms.config.security.AuthEntryPoint  : Unauthorized error: Full authentication is required to access this resource
2024-08-17T21:26:01.368+07:00  INFO 4542 --- [HUMAN_RESOURCE_MANAGEMENT_SYSTEM] [http-nio-8080-exec-2] c.c.hrms.service.impl.RoleServiceImpl    : ===== getAll Role =====
2024-08-17T21:36:27.248+07:00  INFO 4542 --- [HUMAN_RESOURCE_MANAGEMENT_SYSTEM] [http-nio-8080-exec-5] c.c.hrms.service.impl.RoleServiceImpl    : ===== getAll Role =====
2024-08-17T21:37:35.721+07:00  WARN 4542 --- [HUMAN_RESOURCE_MANAGEMENT_SYSTEM] [HikariPool-1 housekeeper] com.zaxxer.hikari.pool.HikariPool        : HikariPool-1 - Thread starvation or clock leap detected (housekeeper delta=53s804ms).
2024-08-17T21:49:25.032+07:00  WARN 4542 --- [HUMAN_RESOURCE_MANAGEMENT_SYSTEM] [HikariPool-1 housekeeper] com.zaxxer.hikari.pool.HikariPool        : HikariPool-1 - Thread starvation or clock leap detected (housekeeper delta=11m49s312ms).
2024-08-17T21:54:47.927+07:00  INFO 4542 --- [HUMAN_RESOURCE_MANAGEMENT_SYSTEM] [http-nio-8080-exec-6] c.c.hrms.service.impl.RoleServiceImpl    : ===== getAll Role =====
2024-08-17T21:59:07.238+07:00  INFO 4542 --- [HUMAN_RESOURCE_MANAGEMENT_SYSTEM] [http-nio-8080-exec-4] c.c.hrms.service.impl.RoleServiceImpl    : ===== getAll Role =====
2024-08-17T22:07:44.603+07:00  INFO 4542 --- [HUMAN_RESOURCE_MANAGEMENT_SYSTEM] [http-nio-8080-exec-8] c.c.hrms.service.impl.RoleServiceImpl    : ===== getAll Role =====
2024-08-17T22:07:55.131+07:00  INFO 4542 --- [HUMAN_RESOURCE_MANAGEMENT_SYSTEM] [http-nio-8080-exec-2] c.c.hrms.service.impl.RoleServiceImpl    : ===== getAll Role =====
2024-08-17T22:08:18.277+07:00  INFO 4542 --- [HUMAN_RESOURCE_MANAGEMENT_SYSTEM] [http-nio-8080-exec-1] c.c.hrms.service.impl.RoleServiceImpl    : ===== getAll Role =====
2024-08-17T22:15:05.146+07:00  INFO 4542 --- [HUMAN_RESOURCE_MANAGEMENT_SYSTEM] [http-nio-8080-exec-6] c.c.hrms.service.impl.RoleServiceImpl    : ===== getAll Role =====
2024-08-17T22:16:42.956+07:00  INFO 4542 --- [HUMAN_RESOURCE_MANAGEMENT_SYSTEM] [http-nio-8080-exec-9] c.c.hrms.service.impl.RoleServiceImpl    : ===== getAll Role =====
2024-08-17T22:16:57.733+07:00  INFO 4542 --- [HUMAN_RESOURCE_MANAGEMENT_SYSTEM] [http-nio-8080-exec-5] c.c.hrms.service.impl.RoleServiceImpl    : ===== getAll Role =====
2024-08-17T22:18:48.535+07:00  INFO 4542 --- [HUMAN_RESOURCE_MANAGEMENT_SYSTEM] [http-nio-8080-exec-8] c.c.hrms.service.impl.RoleServiceImpl    : ===== getAll Role =====
2024-08-17T22:22:28.022+07:00  INFO 4542 --- [HUMAN_RESOURCE_MANAGEMENT_SYSTEM] [http-nio-8080-exec-10] c.c.hrms.service.impl.RoleServiceImpl    : ===== getAll Role =====
2024-08-17T22:25:17.371+07:00  INFO 4542 --- [HUMAN_RESOURCE_MANAGEMENT_SYSTEM] [http-nio-8080-exec-3] c.c.hrms.service.impl.RoleServiceImpl    : ===== getAll Role =====
2024-08-17T22:42:53.460+07:00  INFO 4542 --- [HUMAN_RESOURCE_MANAGEMENT_SYSTEM] [http-nio-8080-exec-4] c.c.hrms.service.impl.RoleServiceImpl    : ===== getAll Role =====
2024-08-17T22:42:55.264+07:00  INFO 4542 --- [HUMAN_RESOURCE_MANAGEMENT_SYSTEM] [http-nio-8080-exec-8] c.c.hrms.service.impl.RoleServiceImpl    : ===== getAll Role =====
2024-08-17T22:45:55.787+07:00  INFO 4542 --- [HUMAN_RESOURCE_MANAGEMENT_SYSTEM] [http-nio-8080-exec-2] c.c.hrms.service.impl.RoleServiceImpl    : ===== getAll Role =====
2024-08-17T22:46:24.179+07:00  INFO 4542 --- [HUMAN_RESOURCE_MANAGEMENT_SYSTEM] [http-nio-8080-exec-6] c.c.hrms.service.impl.RoleServiceImpl    : ===== getAll Role =====
2024-08-17T22:48:15.299+07:00  INFO 4542 --- [HUMAN_RESOURCE_MANAGEMENT_SYSTEM] [http-nio-8080-exec-3] c.c.hrms.service.impl.RoleServiceImpl    : ===== getAll Role =====
2024-08-17T22:48:18.769+07:00  INFO 4542 --- [HUMAN_RESOURCE_MANAGEMENT_SYSTEM] [http-nio-8080-exec-1] c.c.hrms.service.impl.RoleServiceImpl    : ===== getAll Role =====
2024-08-17T22:49:30.703+07:00  INFO 4542 --- [HUMAN_RESOURCE_MANAGEMENT_SYSTEM] [SpringApplicationShutdownHook] j.LocalContainerEntityManagerFactoryBean : Closing JPA EntityManagerFactory for persistence unit 'default'
2024-08-17T22:49:30.766+07:00  INFO 4542 --- [HUMAN_RESOURCE_MANAGEMENT_SYSTEM] [SpringApplicationShutdownHook] com.zaxxer.hikari.HikariDataSource       : HikariPool-1 - Shutdown initiated...
2024-08-17T22:49:30.785+07:00  INFO 4542 --- [HUMAN_RESOURCE_MANAGEMENT_SYSTEM] [SpringApplicationShutdownHook] com.zaxxer.hikari.HikariDataSource       : HikariPool-1 - Shutdown completed.
2024-08-17T22:49:40.453+07:00  INFO 5773 --- [HUMAN_RESOURCE_MANAGEMENT_SYSTEM] [main] com.chanty.hrms.HrmsApplication          : Starting HrmsApplication using Java 17.0.8 with PID 5773 (/Users/chanty/Project/backend/hrms-backend/target/classes started by chanty in /Users/chanty/Project/backend/hrms-backend)
2024-08-17T22:49:40.456+07:00  INFO 5773 --- [HUMAN_RESOURCE_MANAGEMENT_SYSTEM] [main] com.chanty.hrms.HrmsApplication          : The following 1 profile is active: "dev"
2024-08-17T22:49:41.135+07:00  INFO 5773 --- [HUMAN_RESOURCE_MANAGEMENT_SYSTEM] [main] .s.d.r.c.RepositoryConfigurationDelegate : Bootstrapping Spring Data JPA repositories in DEFAULT mode.
2024-08-17T22:49:41.198+07:00  INFO 5773 --- [HUMAN_RESOURCE_MANAGEMENT_SYSTEM] [main] .s.d.r.c.RepositoryConfigurationDelegate : Finished Spring Data repository scanning in 56 ms. Found 4 JPA repository interfaces.
2024-08-17T22:49:41.729+07:00  INFO 5773 --- [HUMAN_RESOURCE_MANAGEMENT_SYSTEM] [main] o.s.b.w.embedded.tomcat.TomcatWebServer  : Tomcat initialized with port 8080 (http)
2024-08-17T22:49:41.737+07:00  INFO 5773 --- [HUMAN_RESOURCE_MANAGEMENT_SYSTEM] [main] o.apache.catalina.core.StandardService   : Starting service [Tomcat]
2024-08-17T22:49:41.737+07:00  INFO 5773 --- [HUMAN_RESOURCE_MANAGEMENT_SYSTEM] [main] o.apache.catalina.core.StandardEngine    : Starting Servlet engine: [Apache Tomcat/10.1.19]
2024-08-17T22:49:41.778+07:00  INFO 5773 --- [HUMAN_RESOURCE_MANAGEMENT_SYSTEM] [main] o.a.c.c.C.[Tomcat].[localhost].[/]       : Initializing Spring embedded WebApplicationContext
2024-08-17T22:49:41.778+07:00  INFO 5773 --- [HUMAN_RESOURCE_MANAGEMENT_SYSTEM] [main] w.s.c.ServletWebServerApplicationContext : Root WebApplicationContext: initialization completed in 1283 ms
2024-08-17T22:49:41.897+07:00  INFO 5773 --- [HUMAN_RESOURCE_MANAGEMENT_SYSTEM] [main] o.hibernate.jpa.internal.util.LogHelper  : HHH000204: Processing PersistenceUnitInfo [name: default]
2024-08-17T22:49:41.934+07:00  INFO 5773 --- [HUMAN_RESOURCE_MANAGEMENT_SYSTEM] [main] org.hibernate.Version                    : HHH000412: Hibernate ORM core version 6.4.4.Final
2024-08-17T22:49:41.962+07:00  INFO 5773 --- [HUMAN_RESOURCE_MANAGEMENT_SYSTEM] [main] o.h.c.internal.RegionFactoryInitiator    : HHH000026: Second-level cache disabled
2024-08-17T22:49:42.146+07:00  INFO 5773 --- [HUMAN_RESOURCE_MANAGEMENT_SYSTEM] [main] o.s.o.j.p.SpringPersistenceUnitInfo      : No LoadTimeWeaver setup: ignoring JPA class transformer
2024-08-17T22:49:42.165+07:00  INFO 5773 --- [HUMAN_RESOURCE_MANAGEMENT_SYSTEM] [main] com.zaxxer.hikari.HikariDataSource       : HikariPool-1 - Starting...
2024-08-17T22:49:42.319+07:00  INFO 5773 --- [HUMAN_RESOURCE_MANAGEMENT_SYSTEM] [main] com.zaxxer.hikari.pool.HikariPool        : HikariPool-1 - Added connection org.postgresql.jdbc.PgConnection@4a520f05
2024-08-17T22:49:42.320+07:00  INFO 5773 --- [HUMAN_RESOURCE_MANAGEMENT_SYSTEM] [main] com.zaxxer.hikari.HikariDataSource       : HikariPool-1 - Start completed.
2024-08-17T22:49:43.501+07:00  INFO 5773 --- [HUMAN_RESOURCE_MANAGEMENT_SYSTEM] [main] o.h.e.t.j.p.i.JtaPlatformInitiator       : HHH000489: No JTA platform available (set 'hibernate.transaction.jta.platform' to enable JTA platform integration)
2024-08-17T22:49:43.604+07:00  INFO 5773 --- [HUMAN_RESOURCE_MANAGEMENT_SYSTEM] [main] j.LocalContainerEntityManagerFactoryBean : Initialized JPA EntityManagerFactory for persistence unit 'default'
2024-08-17T22:49:44.342+07:00  WARN 5773 --- [HUMAN_RESOURCE_MANAGEMENT_SYSTEM] [main] JpaBaseConfiguration$JpaWebConfiguration : spring.jpa.open-in-view is enabled by default. Therefore, database queries may be performed during view rendering. Explicitly configure spring.jpa.open-in-view to disable this warning
2024-08-17T22:49:44.749+07:00  INFO 5773 --- [HUMAN_RESOURCE_MANAGEMENT_SYSTEM] [main] o.s.s.web.DefaultSecurityFilterChain     : Will secure any request with [org.springframework.security.web.session.DisableEncodeUrlFilter@6770a229, org.springframework.security.web.context.request.async.WebAsyncManagerIntegrationFilter@6b17aa0b, org.springframework.security.web.context.SecurityContextHolderFilter@4ad0465c, org.springframework.security.web.header.HeaderWriterFilter@43376a03, org.springframework.security.web.authentication.logout.LogoutFilter@421f447f, com.chanty.hrms.config.security.AuthTokenFilter@a89dec0, org.springframework.security.web.savedrequest.RequestCacheAwareFilter@3b8b1ba9, org.springframework.security.web.servletapi.SecurityContextHolderAwareRequestFilter@e8bd42f, org.springframework.security.web.authentication.AnonymousAuthenticationFilter@1009a9b4, org.springframework.security.web.session.SessionManagementFilter@2a3de2b, org.springframework.security.web.access.ExceptionTranslationFilter@665fb1d8, org.springframework.security.web.access.intercept.AuthorizationFilter@1b52f723]
2024-08-17T22:49:45.191+07:00  INFO 5773 --- [HUMAN_RESOURCE_MANAGEMENT_SYSTEM] [main] o.s.b.w.embedded.tomcat.TomcatWebServer  : Tomcat started on port 8080 (http) with context path ''
2024-08-17T22:49:45.204+07:00  INFO 5773 --- [HUMAN_RESOURCE_MANAGEMENT_SYSTEM] [main] com.chanty.hrms.HrmsApplication          : Started HrmsApplication in 5.206 seconds (process running for 10.867)
2024-08-17T22:50:26.536+07:00  INFO 5773 --- [HUMAN_RESOURCE_MANAGEMENT_SYSTEM] [http-nio-8080-exec-1] o.a.c.c.C.[Tomcat].[localhost].[/]       : Initializing Spring DispatcherServlet 'dispatcherServlet'
2024-08-17T22:50:26.537+07:00  INFO 5773 --- [HUMAN_RESOURCE_MANAGEMENT_SYSTEM] [http-nio-8080-exec-1] o.s.web.servlet.DispatcherServlet        : Initializing Servlet 'dispatcherServlet'
2024-08-17T22:50:26.540+07:00  INFO 5773 --- [HUMAN_RESOURCE_MANAGEMENT_SYSTEM] [http-nio-8080-exec-1] o.s.web.servlet.DispatcherServlet        : Completed initialization in 3 ms
2024-08-17T22:50:27.067+07:00  INFO 5773 --- [HUMAN_RESOURCE_MANAGEMENT_SYSTEM] [http-nio-8080-exec-3] c.c.hrms.service.impl.RoleServiceImpl    : ===== getAll Role =====
2024-08-17T22:50:40.427+07:00  INFO 5773 --- [HUMAN_RESOURCE_MANAGEMENT_SYSTEM] [http-nio-8080-exec-6] c.c.hrms.service.impl.RoleServiceImpl    : ===== Get permissions from role =====
2024-08-17T22:50:40.428+07:00  INFO 5773 --- [HUMAN_RESOURCE_MANAGEMENT_SYSTEM] [http-nio-8080-exec-6] c.c.hrms.service.impl.RoleServiceImpl    : ===== get role by id =====
2024-08-17T22:50:54.194+07:00  INFO 5773 --- [HUMAN_RESOURCE_MANAGEMENT_SYSTEM] [http-nio-8080-exec-7] c.c.hrms.service.impl.RoleServiceImpl    : ===== Get permissions from role =====
2024-08-17T22:50:54.195+07:00  INFO 5773 --- [HUMAN_RESOURCE_MANAGEMENT_SYSTEM] [http-nio-8080-exec-7] c.c.hrms.service.impl.RoleServiceImpl    : ===== get role by id =====
2024-08-17T22:51:45.324+07:00  INFO 5773 --- [HUMAN_RESOURCE_MANAGEMENT_SYSTEM] [http-nio-8080-exec-8] c.c.hrms.service.impl.RoleServiceImpl    : ===== getAll Role =====
2024-08-17T22:51:45.324+07:00  INFO 5773 --- [HUMAN_RESOURCE_MANAGEMENT_SYSTEM] [http-nio-8080-exec-10] c.c.hrms.service.impl.RoleServiceImpl    : ===== Get permissions from role =====
2024-08-17T22:51:45.327+07:00  INFO 5773 --- [HUMAN_RESOURCE_MANAGEMENT_SYSTEM] [http-nio-8080-exec-10] c.c.hrms.service.impl.RoleServiceImpl    : ===== get role by id =====
2024-08-17T22:51:49.466+07:00  INFO 5773 --- [HUMAN_RESOURCE_MANAGEMENT_SYSTEM] [http-nio-8080-exec-4] c.c.hrms.service.impl.RoleServiceImpl    : ===== getAll Role =====
2024-08-17T22:51:49.468+07:00  INFO 5773 --- [HUMAN_RESOURCE_MANAGEMENT_SYSTEM] [http-nio-8080-exec-3] c.c.hrms.service.impl.RoleServiceImpl    : ===== Get permissions from role =====
2024-08-17T22:51:49.468+07:00  INFO 5773 --- [HUMAN_RESOURCE_MANAGEMENT_SYSTEM] [http-nio-8080-exec-3] c.c.hrms.service.impl.RoleServiceImpl    : ===== get role by id =====
2024-08-17T22:51:59.961+07:00  INFO 5773 --- [HUMAN_RESOURCE_MANAGEMENT_SYSTEM] [http-nio-8080-exec-9] c.c.hrms.service.impl.RoleServiceImpl    : ===== getAll Role =====
2024-08-17T22:51:59.961+07:00  INFO 5773 --- [HUMAN_RESOURCE_MANAGEMENT_SYSTEM] [http-nio-8080-exec-10] c.c.hrms.service.impl.RoleServiceImpl    : ===== Get permissions from role =====
2024-08-17T22:51:59.963+07:00  INFO 5773 --- [HUMAN_RESOURCE_MANAGEMENT_SYSTEM] [http-nio-8080-exec-10] c.c.hrms.service.impl.RoleServiceImpl    : ===== get role by id =====
2024-08-17T22:52:05.298+07:00  INFO 5773 --- [HUMAN_RESOURCE_MANAGEMENT_SYSTEM] [http-nio-8080-exec-1] c.c.hrms.service.impl.RoleServiceImpl    : ===== Get permissions from role =====
2024-08-17T22:52:05.298+07:00  INFO 5773 --- [HUMAN_RESOURCE_MANAGEMENT_SYSTEM] [http-nio-8080-exec-1] c.c.hrms.service.impl.RoleServiceImpl    : ===== get role by id =====
2024-08-17T22:52:15.768+07:00  INFO 5773 --- [HUMAN_RESOURCE_MANAGEMENT_SYSTEM] [http-nio-8080-exec-2] c.c.hrms.service.impl.RoleServiceImpl    : ===== Get permissions from role =====
2024-08-17T22:52:15.769+07:00  INFO 5773 --- [HUMAN_RESOURCE_MANAGEMENT_SYSTEM] [http-nio-8080-exec-2] c.c.hrms.service.impl.RoleServiceImpl    : ===== get role by id =====
2024-08-17T22:55:15.357+07:00  INFO 5773 --- [HUMAN_RESOURCE_MANAGEMENT_SYSTEM] [http-nio-8080-exec-4] c.c.hrms.service.impl.RoleServiceImpl    : ===== getAll Role =====
2024-08-17T22:55:15.360+07:00  INFO 5773 --- [HUMAN_RESOURCE_MANAGEMENT_SYSTEM] [http-nio-8080-exec-7] c.c.hrms.service.impl.RoleServiceImpl    : ===== Get permissions from role =====
2024-08-17T22:55:15.361+07:00  INFO 5773 --- [HUMAN_RESOURCE_MANAGEMENT_SYSTEM] [http-nio-8080-exec-7] c.c.hrms.service.impl.RoleServiceImpl    : ===== get role by id =====
2024-08-17T22:55:23.459+07:00  INFO 5773 --- [HUMAN_RESOURCE_MANAGEMENT_SYSTEM] [http-nio-8080-exec-8] c.c.hrms.service.impl.RoleServiceImpl    : ===== Get permissions from role =====
2024-08-17T22:55:23.460+07:00  INFO 5773 --- [HUMAN_RESOURCE_MANAGEMENT_SYSTEM] [http-nio-8080-exec-8] c.c.hrms.service.impl.RoleServiceImpl    : ===== get role by id =====
2024-08-17T22:59:10.813+07:00  INFO 5773 --- [HUMAN_RESOURCE_MANAGEMENT_SYSTEM] [http-nio-8080-exec-9] c.c.hrms.service.impl.RoleServiceImpl    : ===== getAll Role =====
2024-08-17T22:59:10.814+07:00  INFO 5773 --- [HUMAN_RESOURCE_MANAGEMENT_SYSTEM] [http-nio-8080-exec-1] c.c.hrms.service.impl.RoleServiceImpl    : ===== Get permissions from role =====
2024-08-17T22:59:10.817+07:00  INFO 5773 --- [HUMAN_RESOURCE_MANAGEMENT_SYSTEM] [http-nio-8080-exec-1] c.c.hrms.service.impl.RoleServiceImpl    : ===== get role by id =====
2024-08-17T22:59:21.647+07:00  INFO 5773 --- [HUMAN_RESOURCE_MANAGEMENT_SYSTEM] [http-nio-8080-exec-2] c.c.hrms.service.impl.RoleServiceImpl    : ===== Get permissions from role =====
2024-08-17T22:59:21.648+07:00  INFO 5773 --- [HUMAN_RESOURCE_MANAGEMENT_SYSTEM] [http-nio-8080-exec-2] c.c.hrms.service.impl.RoleServiceImpl    : ===== get role by id =====
2024-08-17T22:59:33.274+07:00  INFO 5773 --- [HUMAN_RESOURCE_MANAGEMENT_SYSTEM] [http-nio-8080-exec-5] c.c.hrms.service.impl.RoleServiceImpl    : ===== Get permissions from role =====
2024-08-17T22:59:33.274+07:00  INFO 5773 --- [HUMAN_RESOURCE_MANAGEMENT_SYSTEM] [http-nio-8080-exec-5] c.c.hrms.service.impl.RoleServiceImpl    : ===== get role by id =====
2024-08-17T23:01:13.637+07:00  INFO 5773 --- [HUMAN_RESOURCE_MANAGEMENT_SYSTEM] [http-nio-8080-exec-3] c.c.hrms.service.impl.RoleServiceImpl    : ===== Get permissions from role =====
2024-08-17T23:01:13.646+07:00  INFO 5773 --- [HUMAN_RESOURCE_MANAGEMENT_SYSTEM] [http-nio-8080-exec-3] c.c.hrms.service.impl.RoleServiceImpl    : ===== get role by id =====
2024-08-17T23:08:51.658+07:00  INFO 5773 --- [HUMAN_RESOURCE_MANAGEMENT_SYSTEM] [http-nio-8080-exec-6] c.c.hrms.service.impl.RoleServiceImpl    : ===== getAll Role =====
2024-08-17T23:08:51.659+07:00  INFO 5773 --- [HUMAN_RESOURCE_MANAGEMENT_SYSTEM] [http-nio-8080-exec-4] c.c.hrms.service.impl.RoleServiceImpl    : ===== Get permissions from role =====
2024-08-17T23:08:51.667+07:00  INFO 5773 --- [HUMAN_RESOURCE_MANAGEMENT_SYSTEM] [http-nio-8080-exec-4] c.c.hrms.service.impl.RoleServiceImpl    : ===== get role by id =====
2024-08-17T23:09:38.499+07:00  INFO 5773 --- [HUMAN_RESOURCE_MANAGEMENT_SYSTEM] [http-nio-8080-exec-8] c.c.hrms.service.impl.RoleServiceImpl    : ===== getAll Role =====
2024-08-17T23:09:38.565+07:00  INFO 5773 --- [HUMAN_RESOURCE_MANAGEMENT_SYSTEM] [http-nio-8080-exec-10] c.c.hrms.service.impl.RoleServiceImpl    : ===== Get permissions from role =====
2024-08-17T23:09:38.565+07:00  INFO 5773 --- [HUMAN_RESOURCE_MANAGEMENT_SYSTEM] [http-nio-8080-exec-10] c.c.hrms.service.impl.RoleServiceImpl    : ===== get role by id =====
2024-08-17T23:10:16.547+07:00  INFO 5773 --- [HUMAN_RESOURCE_MANAGEMENT_SYSTEM] [http-nio-8080-exec-1] c.c.hrms.service.impl.RoleServiceImpl    : ===== getAll Role =====
2024-08-17T23:10:16.613+07:00  INFO 5773 --- [HUMAN_RESOURCE_MANAGEMENT_SYSTEM] [http-nio-8080-exec-5] c.c.hrms.service.impl.RoleServiceImpl    : ===== Get permissions from role =====
2024-08-17T23:10:16.614+07:00  INFO 5773 --- [HUMAN_RESOURCE_MANAGEMENT_SYSTEM] [http-nio-8080-exec-5] c.c.hrms.service.impl.RoleServiceImpl    : ===== get role by id =====
2024-08-17T23:11:34.265+07:00  INFO 5773 --- [HUMAN_RESOURCE_MANAGEMENT_SYSTEM] [http-nio-8080-exec-3] c.c.hrms.service.impl.RoleServiceImpl    : ===== getAll Role =====
2024-08-17T23:11:34.270+07:00  INFO 5773 --- [HUMAN_RESOURCE_MANAGEMENT_SYSTEM] [http-nio-8080-exec-7] c.c.hrms.service.impl.RoleServiceImpl    : ===== Get permissions from role =====
2024-08-17T23:11:34.275+07:00  INFO 5773 --- [HUMAN_RESOURCE_MANAGEMENT_SYSTEM] [http-nio-8080-exec-7] c.c.hrms.service.impl.RoleServiceImpl    : ===== get role by id =====
2024-08-17T23:11:55.428+07:00  INFO 5773 --- [HUMAN_RESOURCE_MANAGEMENT_SYSTEM] [http-nio-8080-exec-6] c.c.hrms.service.impl.RoleServiceImpl    : ===== getAll Role =====
2024-08-17T23:11:55.453+07:00  INFO 5773 --- [HUMAN_RESOURCE_MANAGEMENT_SYSTEM] [http-nio-8080-exec-8] c.c.hrms.service.impl.RoleServiceImpl    : ===== Get permissions from role =====
2024-08-17T23:11:55.455+07:00  INFO 5773 --- [HUMAN_RESOURCE_MANAGEMENT_SYSTEM] [http-nio-8080-exec-8] c.c.hrms.service.impl.RoleServiceImpl    : ===== get role by id =====
2024-08-17T23:12:39.814+07:00  INFO 5773 --- [HUMAN_RESOURCE_MANAGEMENT_SYSTEM] [http-nio-8080-exec-5] c.c.hrms.service.impl.RoleServiceImpl    : ===== getAll Role =====
2024-08-17T23:12:39.815+07:00  INFO 5773 --- [HUMAN_RESOURCE_MANAGEMENT_SYSTEM] [http-nio-8080-exec-1] c.c.hrms.service.impl.RoleServiceImpl    : ===== Get permissions from role =====
2024-08-17T23:12:39.821+07:00  INFO 5773 --- [HUMAN_RESOURCE_MANAGEMENT_SYSTEM] [http-nio-8080-exec-1] c.c.hrms.service.impl.RoleServiceImpl    : ===== get role by id =====
2024-08-17T23:18:38.701+07:00  INFO 5773 --- [HUMAN_RESOURCE_MANAGEMENT_SYSTEM] [http-nio-8080-exec-2] c.c.hrms.service.impl.RoleServiceImpl    : ===== getAll Role =====
2024-08-17T23:18:38.746+07:00  INFO 5773 --- [HUMAN_RESOURCE_MANAGEMENT_SYSTEM] [http-nio-8080-exec-4] c.c.hrms.service.impl.RoleServiceImpl    : ===== Get permissions from role =====
2024-08-17T23:18:38.747+07:00  INFO 5773 --- [HUMAN_RESOURCE_MANAGEMENT_SYSTEM] [http-nio-8080-exec-4] c.c.hrms.service.impl.RoleServiceImpl    : ===== get role by id =====
2024-08-17T23:26:38.949+07:00  INFO 5773 --- [HUMAN_RESOURCE_MANAGEMENT_SYSTEM] [http-nio-8080-exec-3] c.c.hrms.service.impl.RoleServiceImpl    : ===== Get permissions from role =====
2024-08-17T23:26:38.948+07:00  INFO 5773 --- [HUMAN_RESOURCE_MANAGEMENT_SYSTEM] [http-nio-8080-exec-6] c.c.hrms.service.impl.RoleServiceImpl    : ===== getAll Role =====
2024-08-17T23:26:38.952+07:00  INFO 5773 --- [HUMAN_RESOURCE_MANAGEMENT_SYSTEM] [http-nio-8080-exec-3] c.c.hrms.service.impl.RoleServiceImpl    : ===== get role by id =====
2024-08-17T23:28:47.927+07:00  INFO 5773 --- [HUMAN_RESOURCE_MANAGEMENT_SYSTEM] [http-nio-8080-exec-10] c.c.hrms.service.impl.RoleServiceImpl    : ===== Get permissions from role =====
2024-08-17T23:28:47.923+07:00  INFO 5773 --- [HUMAN_RESOURCE_MANAGEMENT_SYSTEM] [http-nio-8080-exec-8] c.c.hrms.service.impl.RoleServiceImpl    : ===== getAll Role =====
2024-08-17T23:28:47.932+07:00  INFO 5773 --- [HUMAN_RESOURCE_MANAGEMENT_SYSTEM] [http-nio-8080-exec-10] c.c.hrms.service.impl.RoleServiceImpl    : ===== get role by id =====
2024-08-17T23:29:24.537+07:00  INFO 5773 --- [HUMAN_RESOURCE_MANAGEMENT_SYSTEM] [http-nio-8080-exec-6] c.c.hrms.service.impl.RoleServiceImpl    : ===== Get permissions from role =====
2024-08-17T23:29:24.537+07:00  INFO 5773 --- [HUMAN_RESOURCE_MANAGEMENT_SYSTEM] [http-nio-8080-exec-6] c.c.hrms.service.impl.RoleServiceImpl    : ===== get role by id =====
2024-08-17T23:29:24.541+07:00  INFO 5773 --- [HUMAN_RESOURCE_MANAGEMENT_SYSTEM] [http-nio-8080-exec-2] c.c.hrms.service.impl.RoleServiceImpl    : ===== getAll Role =====
2024-08-17T23:29:31.185+07:00  INFO 5773 --- [HUMAN_RESOURCE_MANAGEMENT_SYSTEM] [http-nio-8080-exec-9] c.c.hrms.service.impl.RoleServiceImpl    : ===== Get permissions from role =====
2024-08-17T23:29:31.185+07:00  INFO 5773 --- [HUMAN_RESOURCE_MANAGEMENT_SYSTEM] [http-nio-8080-exec-9] c.c.hrms.service.impl.RoleServiceImpl    : ===== get role by id =====
2024-08-17T23:29:43.012+07:00  INFO 5773 --- [HUMAN_RESOURCE_MANAGEMENT_SYSTEM] [http-nio-8080-exec-3] c.c.hrms.service.impl.RoleServiceImpl    : ===== Get permissions from role =====
2024-08-17T23:29:43.013+07:00  INFO 5773 --- [HUMAN_RESOURCE_MANAGEMENT_SYSTEM] [http-nio-8080-exec-3] c.c.hrms.service.impl.RoleServiceImpl    : ===== get role by id =====
2024-08-17T23:32:38.326+07:00  INFO 5773 --- [HUMAN_RESOURCE_MANAGEMENT_SYSTEM] [http-nio-8080-exec-8] c.c.hrms.service.impl.RoleServiceImpl    : ===== Get permissions from role =====
2024-08-17T23:32:38.331+07:00  INFO 5773 --- [HUMAN_RESOURCE_MANAGEMENT_SYSTEM] [http-nio-8080-exec-8] c.c.hrms.service.impl.RoleServiceImpl    : ===== get role by id =====
2024-08-17T23:32:38.352+07:00  INFO 5773 --- [HUMAN_RESOURCE_MANAGEMENT_SYSTEM] [http-nio-8080-exec-10] c.c.hrms.service.impl.RoleServiceImpl    : ===== getAll Role =====
2024-08-17T23:32:42.031+07:00  INFO 5773 --- [HUMAN_RESOURCE_MANAGEMENT_SYSTEM] [http-nio-8080-exec-4] c.c.hrms.service.impl.RoleServiceImpl    : ===== Get permissions from role =====
2024-08-17T23:32:42.031+07:00  INFO 5773 --- [HUMAN_RESOURCE_MANAGEMENT_SYSTEM] [http-nio-8080-exec-4] c.c.hrms.service.impl.RoleServiceImpl    : ===== get role by id =====
2024-08-17T23:32:42.043+07:00  INFO 5773 --- [HUMAN_RESOURCE_MANAGEMENT_SYSTEM] [http-nio-8080-exec-6] c.c.hrms.service.impl.RoleServiceImpl    : ===== getAll Role =====
2024-08-17T23:32:52.757+07:00  INFO 5773 --- [HUMAN_RESOURCE_MANAGEMENT_SYSTEM] [http-nio-8080-exec-9] c.c.hrms.service.impl.RoleServiceImpl    : ===== Get permissions from role =====
2024-08-17T23:32:52.757+07:00  INFO 5773 --- [HUMAN_RESOURCE_MANAGEMENT_SYSTEM] [http-nio-8080-exec-9] c.c.hrms.service.impl.RoleServiceImpl    : ===== get role by id =====
2024-08-17T23:36:32.139+07:00  INFO 5773 --- [HUMAN_RESOURCE_MANAGEMENT_SYSTEM] [http-nio-8080-exec-3] c.c.hrms.service.impl.RoleServiceImpl    : ===== getAll Role =====
2024-08-17T23:36:32.140+07:00  INFO 5773 --- [HUMAN_RESOURCE_MANAGEMENT_SYSTEM] [http-nio-8080-exec-8] c.c.hrms.service.impl.RoleServiceImpl    : ===== Get permissions from role =====
2024-08-17T23:36:32.143+07:00  INFO 5773 --- [HUMAN_RESOURCE_MANAGEMENT_SYSTEM] [http-nio-8080-exec-8] c.c.hrms.service.impl.RoleServiceImpl    : ===== get role by id =====
2024-08-17T23:36:36.377+07:00  INFO 5773 --- [HUMAN_RESOURCE_MANAGEMENT_SYSTEM] [http-nio-8080-exec-7] c.c.hrms.service.impl.RoleServiceImpl    : ===== getAll Role =====
2024-08-17T23:36:36.378+07:00  INFO 5773 --- [HUMAN_RESOURCE_MANAGEMENT_SYSTEM] [http-nio-8080-exec-4] c.c.hrms.service.impl.RoleServiceImpl    : ===== Get permissions from role =====
2024-08-17T23:36:36.378+07:00  INFO 5773 --- [HUMAN_RESOURCE_MANAGEMENT_SYSTEM] [http-nio-8080-exec-4] c.c.hrms.service.impl.RoleServiceImpl    : ===== get role by id =====
2024-08-17T23:36:41.177+07:00  INFO 5773 --- [HUMAN_RESOURCE_MANAGEMENT_SYSTEM] [http-nio-8080-exec-6] c.c.hrms.service.impl.RoleServiceImpl    : ===== Get permissions from role =====
2024-08-17T23:36:41.177+07:00  INFO 5773 --- [HUMAN_RESOURCE_MANAGEMENT_SYSTEM] [http-nio-8080-exec-6] c.c.hrms.service.impl.RoleServiceImpl    : ===== get role by id =====
2024-08-17T23:36:50.362+07:00  INFO 5773 --- [HUMAN_RESOURCE_MANAGEMENT_SYSTEM] [http-nio-8080-exec-9] c.c.hrms.service.impl.RoleServiceImpl    : ===== Get permissions from role =====
2024-08-17T23:36:50.363+07:00  INFO 5773 --- [HUMAN_RESOURCE_MANAGEMENT_SYSTEM] [http-nio-8080-exec-9] c.c.hrms.service.impl.RoleServiceImpl    : ===== get role by id =====
2024-08-17T23:38:05.414+07:00  INFO 5773 --- [HUMAN_RESOURCE_MANAGEMENT_SYSTEM] [http-nio-8080-exec-5] c.c.hrms.service.impl.RoleServiceImpl    : ===== getAll Role =====
2024-08-17T23:38:05.441+07:00  INFO 5773 --- [HUMAN_RESOURCE_MANAGEMENT_SYSTEM] [http-nio-8080-exec-8] c.c.hrms.service.impl.RoleServiceImpl    : ===== Get permissions from role =====
2024-08-17T23:38:05.441+07:00  INFO 5773 --- [HUMAN_RESOURCE_MANAGEMENT_SYSTEM] [http-nio-8080-exec-8] c.c.hrms.service.impl.RoleServiceImpl    : ===== get role by id =====
2024-08-17T23:45:20.918+07:00  INFO 5773 --- [HUMAN_RESOURCE_MANAGEMENT_SYSTEM] [http-nio-8080-exec-10] c.c.hrms.service.impl.RoleServiceImpl    : ===== getAll Role =====
2024-08-17T23:45:20.951+07:00  INFO 5773 --- [HUMAN_RESOURCE_MANAGEMENT_SYSTEM] [http-nio-8080-exec-1] c.c.hrms.service.impl.RoleServiceImpl    : ===== Get permissions from role =====
2024-08-17T23:45:20.952+07:00  INFO 5773 --- [HUMAN_RESOURCE_MANAGEMENT_SYSTEM] [http-nio-8080-exec-1] c.c.hrms.service.impl.RoleServiceImpl    : ===== get role by id =====
2024-08-17T23:45:33.840+07:00  INFO 5773 --- [HUMAN_RESOURCE_MANAGEMENT_SYSTEM] [http-nio-8080-exec-7] c.c.hrms.service.impl.RoleServiceImpl    : ===== getAll Role =====
2024-08-17T23:45:33.910+07:00  INFO 5773 --- [HUMAN_RESOURCE_MANAGEMENT_SYSTEM] [http-nio-8080-exec-6] c.c.hrms.service.impl.RoleServiceImpl    : ===== Get permissions from role =====
2024-08-17T23:45:33.923+07:00  INFO 5773 --- [HUMAN_RESOURCE_MANAGEMENT_SYSTEM] [http-nio-8080-exec-6] c.c.hrms.service.impl.RoleServiceImpl    : ===== get role by id =====
2024-08-17T23:45:58.938+07:00  INFO 5773 --- [HUMAN_RESOURCE_MANAGEMENT_SYSTEM] [http-nio-8080-exec-9] c.c.hrms.service.impl.RoleServiceImpl    : ===== getAll Role =====
2024-08-17T23:45:58.942+07:00  INFO 5773 --- [HUMAN_RESOURCE_MANAGEMENT_SYSTEM] [http-nio-8080-exec-3] c.c.hrms.service.impl.RoleServiceImpl    : ===== Get permissions from role =====
2024-08-17T23:45:58.942+07:00  INFO 5773 --- [HUMAN_RESOURCE_MANAGEMENT_SYSTEM] [http-nio-8080-exec-3] c.c.hrms.service.impl.RoleServiceImpl    : ===== get role by id =====
2024-08-17T23:46:05.761+07:00  INFO 5773 --- [HUMAN_RESOURCE_MANAGEMENT_SYSTEM] [http-nio-8080-exec-8] c.c.hrms.service.impl.RoleServiceImpl    : ===== Get permissions from role =====
2024-08-17T23:46:05.803+07:00  INFO 5773 --- [HUMAN_RESOURCE_MANAGEMENT_SYSTEM] [http-nio-8080-exec-8] c.c.hrms.service.impl.RoleServiceImpl    : ===== get role by id =====
2024-08-17T23:47:20.546+07:00  INFO 5773 --- [HUMAN_RESOURCE_MANAGEMENT_SYSTEM] [http-nio-8080-exec-4] c.c.hrms.service.impl.RoleServiceImpl    : ===== getAll Role =====
2024-08-17T23:47:20.546+07:00  INFO 5773 --- [HUMAN_RESOURCE_MANAGEMENT_SYSTEM] [http-nio-8080-exec-6] c.c.hrms.service.impl.RoleServiceImpl    : ===== Get permissions from role =====
2024-08-17T23:47:20.551+07:00  INFO 5773 --- [HUMAN_RESOURCE_MANAGEMENT_SYSTEM] [http-nio-8080-exec-6] c.c.hrms.service.impl.RoleServiceImpl    : ===== get role by id =====
2024-08-17T23:47:24.917+07:00  INFO 5773 --- [HUMAN_RESOURCE_MANAGEMENT_SYSTEM] [http-nio-8080-exec-5] c.c.hrms.service.impl.RoleServiceImpl    : ===== Get permissions from role =====
2024-08-17T23:47:24.917+07:00  INFO 5773 --- [HUMAN_RESOURCE_MANAGEMENT_SYSTEM] [http-nio-8080-exec-5] c.c.hrms.service.impl.RoleServiceImpl    : ===== get role by id =====
2024-08-17T23:51:31.934+07:00  INFO 5773 --- [HUMAN_RESOURCE_MANAGEMENT_SYSTEM] [http-nio-8080-exec-8] c.c.hrms.service.impl.RoleServiceImpl    : ===== Get permissions from role =====
2024-08-17T23:51:31.933+07:00  INFO 5773 --- [HUMAN_RESOURCE_MANAGEMENT_SYSTEM] [http-nio-8080-exec-9] c.c.hrms.service.impl.RoleServiceImpl    : ===== getAll Role =====
2024-08-17T23:51:31.936+07:00  INFO 5773 --- [HUMAN_RESOURCE_MANAGEMENT_SYSTEM] [http-nio-8080-exec-8] c.c.hrms.service.impl.RoleServiceImpl    : ===== get role by id =====
2024-08-17T23:51:36.745+07:00  INFO 5773 --- [HUMAN_RESOURCE_MANAGEMENT_SYSTEM] [http-nio-8080-exec-2] c.c.hrms.service.impl.RoleServiceImpl    : ===== Get permissions from role =====
2024-08-17T23:51:36.745+07:00  INFO 5773 --- [HUMAN_RESOURCE_MANAGEMENT_SYSTEM] [http-nio-8080-exec-2] c.c.hrms.service.impl.RoleServiceImpl    : ===== get role by id =====
2024-08-17T23:51:50.240+07:00  INFO 5773 --- [HUMAN_RESOURCE_MANAGEMENT_SYSTEM] [http-nio-8080-exec-1] c.c.hrms.service.impl.RoleServiceImpl    : ===== Find role by name =====
2024-08-17T23:51:51.190+07:00  INFO 5773 --- [HUMAN_RESOURCE_MANAGEMENT_SYSTEM] [http-nio-8080-exec-1] c.c.hrms.service.impl.RoleServiceImpl    : ===== assign permission successfully=====
2024-08-17T23:52:05.238+07:00  INFO 5773 --- [HUMAN_RESOURCE_MANAGEMENT_SYSTEM] [http-nio-8080-exec-7] c.c.hrms.service.impl.RoleServiceImpl    : ===== Get permissions from role =====
2024-08-17T23:52:05.238+07:00  INFO 5773 --- [HUMAN_RESOURCE_MANAGEMENT_SYSTEM] [http-nio-8080-exec-7] c.c.hrms.service.impl.RoleServiceImpl    : ===== get role by id =====
2024-08-17T23:52:16.995+07:00  INFO 5773 --- [HUMAN_RESOURCE_MANAGEMENT_SYSTEM] [http-nio-8080-exec-6] c.c.hrms.service.impl.RoleServiceImpl    : ===== Find role by name =====
2024-08-17T23:52:17.019+07:00  INFO 5773 --- [HUMAN_RESOURCE_MANAGEMENT_SYSTEM] [http-nio-8080-exec-6] c.c.hrms.service.impl.RoleServiceImpl    : ===== assign permission successfully=====
2024-08-17T23:52:20.690+07:00  INFO 5773 --- [HUMAN_RESOURCE_MANAGEMENT_SYSTEM] [http-nio-8080-exec-4] c.c.hrms.service.impl.RoleServiceImpl    : ===== Get permissions from role =====
2024-08-17T23:52:20.691+07:00  INFO 5773 --- [HUMAN_RESOURCE_MANAGEMENT_SYSTEM] [http-nio-8080-exec-4] c.c.hrms.service.impl.RoleServiceImpl    : ===== get role by id =====
2024-08-17T23:52:30.171+07:00  INFO 5773 --- [HUMAN_RESOURCE_MANAGEMENT_SYSTEM] [http-nio-8080-exec-5] c.c.hrms.service.impl.RoleServiceImpl    : ===== Find role by name =====
2024-08-17T23:52:30.211+07:00  INFO 5773 --- [HUMAN_RESOURCE_MANAGEMENT_SYSTEM] [http-nio-8080-exec-5] c.c.hrms.service.impl.RoleServiceImpl    : ===== assign permission successfully=====
2024-08-17T23:52:54.171+07:00  INFO 5773 --- [HUMAN_RESOURCE_MANAGEMENT_SYSTEM] [SpringApplicationShutdownHook] j.LocalContainerEntityManagerFactoryBean : Closing JPA EntityManagerFactory for persistence unit 'default'
2024-08-17T23:52:54.196+07:00  INFO 5773 --- [HUMAN_RESOURCE_MANAGEMENT_SYSTEM] [SpringApplicationShutdownHook] com.zaxxer.hikari.HikariDataSource       : HikariPool-1 - Shutdown initiated...
2024-08-17T23:52:54.207+07:00  INFO 5773 --- [HUMAN_RESOURCE_MANAGEMENT_SYSTEM] [SpringApplicationShutdownHook] com.zaxxer.hikari.HikariDataSource       : HikariPool-1 - Shutdown completed.
2024-08-17T23:53:09.427+07:00  INFO 6787 --- [HUMAN_RESOURCE_MANAGEMENT_SYSTEM] [main] com.chanty.hrms.HrmsApplication          : Starting HrmsApplication using Java 17.0.8 with PID 6787 (/Users/chanty/Project/backend/hrms-backend/target/classes started by chanty in /Users/chanty/Project/backend/hrms-backend)
2024-08-17T23:53:09.429+07:00  INFO 6787 --- [HUMAN_RESOURCE_MANAGEMENT_SYSTEM] [main] com.chanty.hrms.HrmsApplication          : The following 1 profile is active: "dev"
2024-08-17T23:53:10.241+07:00  INFO 6787 --- [HUMAN_RESOURCE_MANAGEMENT_SYSTEM] [main] .s.d.r.c.RepositoryConfigurationDelegate : Bootstrapping Spring Data JPA repositories in DEFAULT mode.
2024-08-17T23:53:10.315+07:00  INFO 6787 --- [HUMAN_RESOURCE_MANAGEMENT_SYSTEM] [main] .s.d.r.c.RepositoryConfigurationDelegate : Finished Spring Data repository scanning in 67 ms. Found 4 JPA repository interfaces.
2024-08-17T23:53:10.907+07:00  INFO 6787 --- [HUMAN_RESOURCE_MANAGEMENT_SYSTEM] [main] o.s.b.w.embedded.tomcat.TomcatWebServer  : Tomcat initialized with port 8080 (http)
2024-08-17T23:53:10.917+07:00  INFO 6787 --- [HUMAN_RESOURCE_MANAGEMENT_SYSTEM] [main] o.apache.catalina.core.StandardService   : Starting service [Tomcat]
2024-08-17T23:53:10.918+07:00  INFO 6787 --- [HUMAN_RESOURCE_MANAGEMENT_SYSTEM] [main] o.apache.catalina.core.StandardEngine    : Starting Servlet engine: [Apache Tomcat/10.1.19]
2024-08-17T23:53:10.967+07:00  INFO 6787 --- [HUMAN_RESOURCE_MANAGEMENT_SYSTEM] [main] o.a.c.c.C.[Tomcat].[localhost].[/]       : Initializing Spring embedded WebApplicationContext
2024-08-17T23:53:10.967+07:00  INFO 6787 --- [HUMAN_RESOURCE_MANAGEMENT_SYSTEM] [main] w.s.c.ServletWebServerApplicationContext : Root WebApplicationContext: initialization completed in 1499 ms
2024-08-17T23:53:11.124+07:00  INFO 6787 --- [HUMAN_RESOURCE_MANAGEMENT_SYSTEM] [main] o.hibernate.jpa.internal.util.LogHelper  : HHH000204: Processing PersistenceUnitInfo [name: default]
2024-08-17T23:53:11.200+07:00  INFO 6787 --- [HUMAN_RESOURCE_MANAGEMENT_SYSTEM] [main] org.hibernate.Version                    : HHH000412: Hibernate ORM core version 6.4.4.Final
2024-08-17T23:53:11.240+07:00  INFO 6787 --- [HUMAN_RESOURCE_MANAGEMENT_SYSTEM] [main] o.h.c.internal.RegionFactoryInitiator    : HHH000026: Second-level cache disabled
2024-08-17T23:53:11.479+07:00  INFO 6787 --- [HUMAN_RESOURCE_MANAGEMENT_SYSTEM] [main] o.s.o.j.p.SpringPersistenceUnitInfo      : No LoadTimeWeaver setup: ignoring JPA class transformer
2024-08-17T23:53:11.504+07:00  INFO 6787 --- [HUMAN_RESOURCE_MANAGEMENT_SYSTEM] [main] com.zaxxer.hikari.HikariDataSource       : HikariPool-1 - Starting...
2024-08-17T23:53:11.658+07:00  INFO 6787 --- [HUMAN_RESOURCE_MANAGEMENT_SYSTEM] [main] com.zaxxer.hikari.pool.HikariPool        : HikariPool-1 - Added connection org.postgresql.jdbc.PgConnection@563843f1
2024-08-17T23:53:11.659+07:00  INFO 6787 --- [HUMAN_RESOURCE_MANAGEMENT_SYSTEM] [main] com.zaxxer.hikari.HikariDataSource       : HikariPool-1 - Start completed.
2024-08-17T23:53:13.080+07:00  INFO 6787 --- [HUMAN_RESOURCE_MANAGEMENT_SYSTEM] [main] o.h.e.t.j.p.i.JtaPlatformInitiator       : HHH000489: No JTA platform available (set 'hibernate.transaction.jta.platform' to enable JTA platform integration)
2024-08-17T23:53:13.442+07:00  INFO 6787 --- [HUMAN_RESOURCE_MANAGEMENT_SYSTEM] [main] j.LocalContainerEntityManagerFactoryBean : Initialized JPA EntityManagerFactory for persistence unit 'default'
2024-08-17T23:53:14.519+07:00  WARN 6787 --- [HUMAN_RESOURCE_MANAGEMENT_SYSTEM] [main] JpaBaseConfiguration$JpaWebConfiguration : spring.jpa.open-in-view is enabled by default. Therefore, database queries may be performed during view rendering. Explicitly configure spring.jpa.open-in-view to disable this warning
2024-08-17T23:53:14.921+07:00  INFO 6787 --- [HUMAN_RESOURCE_MANAGEMENT_SYSTEM] [main] o.s.s.web.DefaultSecurityFilterChain     : Will secure any request with [org.springframework.security.web.session.DisableEncodeUrlFilter@3fc2197d, org.springframework.security.web.context.request.async.WebAsyncManagerIntegrationFilter@5a429813, org.springframework.security.web.context.SecurityContextHolderFilter@11a8735d, org.springframework.security.web.header.HeaderWriterFilter@6e1d63ec, org.springframework.security.web.authentication.logout.LogoutFilter@445265b0, com.chanty.hrms.config.security.AuthTokenFilter@47a05ad8, org.springframework.security.web.savedrequest.RequestCacheAwareFilter@795d43d9, org.springframework.security.web.servletapi.SecurityContextHolderAwareRequestFilter@30c96ea9, org.springframework.security.web.authentication.AnonymousAuthenticationFilter@348b26e0, org.springframework.security.web.session.SessionManagementFilter@6af447b6, org.springframework.security.web.access.ExceptionTranslationFilter@1f9af742, org.springframework.security.web.access.intercept.AuthorizationFilter@173e4b75]
2024-08-17T23:53:15.318+07:00  INFO 6787 --- [HUMAN_RESOURCE_MANAGEMENT_SYSTEM] [main] o.s.b.w.embedded.tomcat.TomcatWebServer  : Tomcat started on port 8080 (http) with context path ''
2024-08-17T23:53:15.327+07:00  INFO 6787 --- [HUMAN_RESOURCE_MANAGEMENT_SYSTEM] [main] com.chanty.hrms.HrmsApplication          : Started HrmsApplication in 6.343 seconds (process running for 13.222)
2024-08-17T23:53:53.144+07:00  INFO 6787 --- [HUMAN_RESOURCE_MANAGEMENT_SYSTEM] [http-nio-8080-exec-1] o.a.c.c.C.[Tomcat].[localhost].[/]       : Initializing Spring DispatcherServlet 'dispatcherServlet'
2024-08-17T23:53:53.145+07:00  INFO 6787 --- [HUMAN_RESOURCE_MANAGEMENT_SYSTEM] [http-nio-8080-exec-1] o.s.web.servlet.DispatcherServlet        : Initializing Servlet 'dispatcherServlet'
2024-08-17T23:53:53.147+07:00  INFO 6787 --- [HUMAN_RESOURCE_MANAGEMENT_SYSTEM] [http-nio-8080-exec-1] o.s.web.servlet.DispatcherServlet        : Completed initialization in 1 ms
2024-08-17T23:53:53.352+07:00  INFO 6787 --- [HUMAN_RESOURCE_MANAGEMENT_SYSTEM] [http-nio-8080-exec-1] c.c.hrms.service.impl.RoleServiceImpl    : ===== Get permissions from role =====
2024-08-17T23:53:53.353+07:00  INFO 6787 --- [HUMAN_RESOURCE_MANAGEMENT_SYSTEM] [http-nio-8080-exec-1] c.c.hrms.service.impl.RoleServiceImpl    : ===== get role by id =====
2024-08-17T23:54:18.561+07:00  INFO 6787 --- [HUMAN_RESOURCE_MANAGEMENT_SYSTEM] [http-nio-8080-exec-2] c.c.hrms.service.impl.RoleServiceImpl    : ===== Find role by name =====
2024-08-17T23:54:18.667+07:00  INFO 6787 --- [HUMAN_RESOURCE_MANAGEMENT_SYSTEM] [http-nio-8080-exec-2] c.c.hrms.service.impl.RoleServiceImpl    : ===== assign permission successfully=====
2024-08-17T23:54:39.965+07:00  INFO 6787 --- [HUMAN_RESOURCE_MANAGEMENT_SYSTEM] [http-nio-8080-exec-3] c.c.hrms.service.impl.RoleServiceImpl    : ===== Get permissions from role =====
2024-08-17T23:54:39.977+07:00  INFO 6787 --- [HUMAN_RESOURCE_MANAGEMENT_SYSTEM] [http-nio-8080-exec-3] c.c.hrms.service.impl.RoleServiceImpl    : ===== get role by id =====
2024-08-17T23:55:18.052+07:00  INFO 6787 --- [HUMAN_RESOURCE_MANAGEMENT_SYSTEM] [http-nio-8080-exec-4] c.c.hrms.service.impl.RoleServiceImpl    : ===== Find role by name =====
2024-08-17T23:56:56.415+07:00  WARN 6787 --- [HUMAN_RESOURCE_MANAGEMENT_SYSTEM] [HikariPool-1 housekeeper] com.zaxxer.hikari.pool.HikariPool        : HikariPool-1 - Thread starvation or clock leap detected (housekeeper delta=2m7s853ms).
2024-08-17T23:56:56.434+07:00  INFO 6787 --- [HUMAN_RESOURCE_MANAGEMENT_SYSTEM] [http-nio-8080-exec-4] c.c.hrms.service.impl.RoleServiceImpl    : ===== assign permission successfully=====
2024-08-17T23:57:40.082+07:00  INFO 6787 --- [HUMAN_RESOURCE_MANAGEMENT_SYSTEM] [http-nio-8080-exec-5] c.c.hrms.service.impl.RoleServiceImpl    : ===== Get permissions from role =====
2024-08-17T23:57:40.083+07:00  INFO 6787 --- [HUMAN_RESOURCE_MANAGEMENT_SYSTEM] [http-nio-8080-exec-5] c.c.hrms.service.impl.RoleServiceImpl    : ===== get role by id =====
2024-08-17T23:57:54.263+07:00  INFO 6787 --- [HUMAN_RESOURCE_MANAGEMENT_SYSTEM] [http-nio-8080-exec-6] c.c.hrms.service.impl.RoleServiceImpl    : ===== Get permissions from role =====
2024-08-17T23:57:54.264+07:00  INFO 6787 --- [HUMAN_RESOURCE_MANAGEMENT_SYSTEM] [http-nio-8080-exec-6] c.c.hrms.service.impl.RoleServiceImpl    : ===== get role by id =====
2024-08-17T23:58:08.436+07:00  INFO 6787 --- [HUMAN_RESOURCE_MANAGEMENT_SYSTEM] [http-nio-8080-exec-9] c.c.hrms.service.impl.RoleServiceImpl    : ===== getAll Role =====
2024-08-17T23:58:08.453+07:00  INFO 6787 --- [HUMAN_RESOURCE_MANAGEMENT_SYSTEM] [http-nio-8080-exec-1] c.c.hrms.service.impl.RoleServiceImpl    : ===== Get permissions from role =====
2024-08-17T23:58:08.453+07:00  INFO 6787 --- [HUMAN_RESOURCE_MANAGEMENT_SYSTEM] [http-nio-8080-exec-1] c.c.hrms.service.impl.RoleServiceImpl    : ===== get role by id =====
2024-08-17T23:58:14.266+07:00  INFO 6787 --- [HUMAN_RESOURCE_MANAGEMENT_SYSTEM] [http-nio-8080-exec-2] c.c.hrms.service.impl.RoleServiceImpl    : ===== Get permissions from role =====
2024-08-17T23:58:14.267+07:00  INFO 6787 --- [HUMAN_RESOURCE_MANAGEMENT_SYSTEM] [http-nio-8080-exec-2] c.c.hrms.service.impl.RoleServiceImpl    : ===== get role by id =====
2024-08-17T23:58:30.103+07:00  INFO 6787 --- [HUMAN_RESOURCE_MANAGEMENT_SYSTEM] [http-nio-8080-exec-3] c.c.hrms.service.impl.RoleServiceImpl    : ===== Get permissions from role =====
2024-08-17T23:58:30.103+07:00  INFO 6787 --- [HUMAN_RESOURCE_MANAGEMENT_SYSTEM] [http-nio-8080-exec-3] c.c.hrms.service.impl.RoleServiceImpl    : ===== get role by id =====
2024-08-17T23:58:37.678+07:00  INFO 6787 --- [HUMAN_RESOURCE_MANAGEMENT_SYSTEM] [http-nio-8080-exec-4] c.c.hrms.service.impl.RoleServiceImpl    : ===== Get permissions from role =====
2024-08-17T23:58:37.678+07:00  INFO 6787 --- [HUMAN_RESOURCE_MANAGEMENT_SYSTEM] [http-nio-8080-exec-4] c.c.hrms.service.impl.RoleServiceImpl    : ===== get role by id =====
