2024-04-23T21:30:51.593+07:00  INFO 13548 --- [HUMAN_RESOURCE_MANAGEMENT_SYSTEM] [main] com.chanty.hrms.HrmsApplication          : Starting HrmsApplication using Java 17.0.2 with PID 13548 (D:\Project\backend\hrms\target\classes started by Dell in D:\Project\backend\hrms)
2024-04-23T21:30:51.633+07:00  INFO 13548 --- [HUMAN_RESOURCE_MANAGEMENT_SYSTEM] [main] com.chanty.hrms.HrmsApplication          : The following 1 profile is active: "dev"
2024-04-23T21:30:57.540+07:00  INFO 13548 --- [HUMAN_RESOURCE_MANAGEMENT_SYSTEM] [main] .s.d.r.c.RepositoryConfigurationDelegate : Bootstrapping Spring Data JPA repositories in DEFAULT mode.
2024-04-23T21:30:57.969+07:00  INFO 13548 --- [HUMAN_RESOURCE_MANAGEMENT_SYSTEM] [main] .s.d.r.c.RepositoryConfigurationDelegate : Finished Spring Data repository scanning in 375 ms. Found 2 JPA repository interfaces.
2024-04-23T21:31:01.401+07:00  INFO 13548 --- [HUMAN_RESOURCE_MANAGEMENT_SYSTEM] [main] o.s.b.w.embedded.tomcat.TomcatWebServer  : Tomcat initialized with port 8080 (http)
2024-04-23T21:31:01.470+07:00  INFO 13548 --- [HUMAN_RESOURCE_MANAGEMENT_SYSTEM] [main] o.apache.catalina.core.StandardService   : Starting service [Tomcat]
2024-04-23T21:31:01.472+07:00  INFO 13548 --- [HUMAN_RESOURCE_MANAGEMENT_SYSTEM] [main] o.apache.catalina.core.StandardEngine    : Starting Servlet engine: [Apache Tomcat/10.1.19]
2024-04-23T21:31:01.906+07:00  INFO 13548 --- [HUMAN_RESOURCE_MANAGEMENT_SYSTEM] [main] o.a.c.c.C.[Tomcat].[localhost].[/]       : Initializing Spring embedded WebApplicationContext
2024-04-23T21:31:01.910+07:00  INFO 13548 --- [HUMAN_RESOURCE_MANAGEMENT_SYSTEM] [main] w.s.c.ServletWebServerApplicationContext : Root WebApplicationContext: initialization completed in 9934 ms
2024-04-23T21:31:02.746+07:00  INFO 13548 --- [HUMAN_RESOURCE_MANAGEMENT_SYSTEM] [main] o.hibernate.jpa.internal.util.LogHelper  : HHH000204: Processing PersistenceUnitInfo [name: default]
2024-04-23T21:31:03.188+07:00  INFO 13548 --- [HUMAN_RESOURCE_MANAGEMENT_SYSTEM] [main] org.hibernate.Version                    : HHH000412: Hibernate ORM core version 6.4.4.Final
2024-04-23T21:31:03.433+07:00  INFO 13548 --- [HUMAN_RESOURCE_MANAGEMENT_SYSTEM] [main] o.h.c.internal.RegionFactoryInitiator    : HHH000026: Second-level cache disabled
2024-04-23T21:31:05.106+07:00  INFO 13548 --- [HUMAN_RESOURCE_MANAGEMENT_SYSTEM] [main] o.s.o.j.p.SpringPersistenceUnitInfo      : No LoadTimeWeaver setup: ignoring JPA class transformer
2024-04-23T21:31:05.541+07:00  INFO 13548 --- [HUMAN_RESOURCE_MANAGEMENT_SYSTEM] [main] com.zaxxer.hikari.HikariDataSource       : HikariPool-1 - Starting...
2024-04-23T21:31:08.158+07:00  INFO 13548 --- [HUMAN_RESOURCE_MANAGEMENT_SYSTEM] [main] com.zaxxer.hikari.pool.HikariPool        : HikariPool-1 - Added connection org.postgresql.jdbc.PgConnection@312a738d
2024-04-23T21:31:08.167+07:00  INFO 13548 --- [HUMAN_RESOURCE_MANAGEMENT_SYSTEM] [main] com.zaxxer.hikari.HikariDataSource       : HikariPool-1 - Start completed.
2024-04-23T21:31:18.307+07:00  INFO 13548 --- [HUMAN_RESOURCE_MANAGEMENT_SYSTEM] [main] o.h.e.t.j.p.i.JtaPlatformInitiator       : HHH000489: No JTA platform available (set 'hibernate.transaction.jta.platform' to enable JTA platform integration)
2024-04-23T21:31:19.187+07:00  INFO 13548 --- [HUMAN_RESOURCE_MANAGEMENT_SYSTEM] [main] j.LocalContainerEntityManagerFactoryBean : Initialized JPA EntityManagerFactory for persistence unit 'default'
2024-04-23T21:31:25.167+07:00  WARN 13548 --- [HUMAN_RESOURCE_MANAGEMENT_SYSTEM] [main] JpaBaseConfiguration$JpaWebConfiguration : spring.jpa.open-in-view is enabled by default. Therefore, database queries may be performed during view rendering. Explicitly configure spring.jpa.open-in-view to disable this warning
2024-04-23T21:31:26.904+07:00  INFO 13548 --- [HUMAN_RESOURCE_MANAGEMENT_SYSTEM] [main] o.s.s.web.DefaultSecurityFilterChain     : Will secure any request with [org.springframework.security.web.session.DisableEncodeUrlFilter@5dce3e82, org.springframework.security.web.context.request.async.WebAsyncManagerIntegrationFilter@613aeb51, org.springframework.security.web.context.SecurityContextHolderFilter@4b05a9b1, org.springframework.security.web.header.HeaderWriterFilter@53dfb073, org.springframework.security.web.authentication.logout.LogoutFilter@6b0f50d8, com.chanty.hrms.config.security.AuthTokenFilter@3a5663ef, org.springframework.security.web.savedrequest.RequestCacheAwareFilter@7f129873, org.springframework.security.web.servletapi.SecurityContextHolderAwareRequestFilter@6ac0c3aa, org.springframework.security.web.authentication.AnonymousAuthenticationFilter@5ce59833, org.springframework.security.web.session.SessionManagementFilter@4eb0ed44, org.springframework.security.web.access.ExceptionTranslationFilter@29244152, org.springframework.security.web.access.intercept.AuthorizationFilter@637bf67c]
2024-04-23T21:31:28.716+07:00  INFO 13548 --- [HUMAN_RESOURCE_MANAGEMENT_SYSTEM] [main] o.s.b.w.embedded.tomcat.TomcatWebServer  : Tomcat started on port 8080 (http) with context path ''
2024-04-23T21:31:28.797+07:00  INFO 13548 --- [HUMAN_RESOURCE_MANAGEMENT_SYSTEM] [main] com.chanty.hrms.HrmsApplication          : Started HrmsApplication in 40.537 seconds (process running for 46.008)
